-- Found ament_cmake: 2.5.5 (/opt/ros/jazzy/share/ament_cmake/cmake)
-- Found rclcpp: 28.1.16 (/opt/ros/jazzy/share/rclcpp/cmake)
-- Found rosidl_generator_c: 4.6.7 (/opt/ros/jazzy/share/rosidl_generator_c/cmake)
-- Found rosidl_generator_cpp: 4.6.7 (/opt/ros/jazzy/share/rosidl_generator_cpp/cmake)
-- Using all available rosidl_typesupport_c: rosidl_typesupport_fastrtps_c;rosidl_typesupport_introspection_c
-- Using all available rosidl_typesupport_cpp: rosidl_typesupport_fastrtps_cpp;rosidl_typesupport_introspection_cpp
-- Found rmw_implementation_cmake: 7.3.3 (/opt/ros/jazzy/share/rmw_implementation_cmake/cmake)
-- Found rmw_fastrtps_cpp: 8.4.3 (/opt/ros/jazzy/share/rmw_fastrtps_cpp/cmake)
-- Using RMW implementation 'rmw_fastrtps_cpp' as default
-- Found std_msgs: 5.3.6 (/opt/ros/jazzy/share/std_msgs/cmake)
-- Configuring done (0.8s)
-- Generating done (0.0s)
-- Build files have been written to: /home/kim/HYPER_WS/build/cpp_pkg1
[100%] Built target cpp_node1
-- Install configuration: ""
-- Up-to-date: /home/kim/HYPER_WS/install/cpp_pkg1/lib/cpp_pkg1/cpp_node1
-- Installing: /home/kim/HYPER_WS/install/cpp_pkg1/share/ament_index/resource_index/package_run_dependencies/cpp_pkg1
-- Installing: /home/kim/HYPER_WS/install/cpp_pkg1/share/ament_index/resource_index/parent_prefix_path/cpp_pkg1
-- Installing: /home/kim/HYPER_WS/install/cpp_pkg1/share/cpp_pkg1/environment/ament_prefix_path.sh
-- Installing: /home/kim/HYPER_WS/install/cpp_pkg1/share/cpp_pkg1/environment/ament_prefix_path.dsv
-- Installing: /home/kim/HYPER_WS/install/cpp_pkg1/share/cpp_pkg1/environment/path.sh
-- Installing: /home/kim/HYPER_WS/install/cpp_pkg1/share/cpp_pkg1/environment/path.dsv
-- Installing: /home/kim/HYPER_WS/install/cpp_pkg1/share/cpp_pkg1/local_setup.bash
-- Installing: /home/kim/HYPER_WS/install/cpp_pkg1/share/cpp_pkg1/local_setup.sh
-- Installing: /home/kim/HYPER_WS/install/cpp_pkg1/share/cpp_pkg1/local_setup.zsh
-- Installing: /home/kim/HYPER_WS/install/cpp_pkg1/share/cpp_pkg1/local_setup.dsv
-- Installing: /home/kim/HYPER_WS/install/cpp_pkg1/share/cpp_pkg1/package.dsv
-- Installing: /home/kim/HYPER_WS/install/cpp_pkg1/share/ament_index/resource_index/packages/cpp_pkg1
-- Installing: /home/kim/HYPER_WS/install/cpp_pkg1/share/cpp_pkg1/cmake/cpp_pkg1Config.cmake
-- Installing: /home/kim/HYPER_WS/install/cpp_pkg1/share/cpp_pkg1/cmake/cpp_pkg1Config-version.cmake
-- Installing: /home/kim/HYPER_WS/install/cpp_pkg1/share/cpp_pkg1/package.xml
