[0.257s] DEBUG:colcon:Command line arguments: ['/usr/bin/colcon', 'build']
[0.257s] DEBUG:colcon:Parsed command line arguments: Namespace(log_base=None, log_level=None, verb_name='build', build_base='build', install_base='install', merge_install=False, symlink_install=False, test_result_base=None, continue_on_error=False, executor='parallel', parallel_workers=8, event_handlers=None, ignore_user_meta=False, metas=['./colcon.meta'], base_paths=['.'], packages_ignore=None, packages_ignore_regex=None, paths=None, packages_up_to=None, packages_up_to_regex=None, packages_above=None, packages_above_and_dependencies=None, packages_above_depth=None, packages_select_by_dep=None, packages_skip_by_dep=None, packages_skip_up_to=None, packages_select_build_failed=False, packages_skip_build_finished=False, packages_select_test_failures=False, packages_skip_test_passed=False, packages_select=None, packages_skip=None, packages_select_regex=None, packages_skip_regex=None, packages_start=None, packages_end=None, allow_overriding=[], cmake_args=None, cmake_target=None, cmake_target_skip_unavailable=False, cmake_clean_cache=False, cmake_clean_first=False, cmake_force_configure=False, ament_cmake_args=None, catkin_cmake_args=None, catkin_skip_building_tests=False, mixin_files=None, mixin=None, verb_parser=<colcon_mixin.mixin.mixin_argument.MixinArgumentDecorator object at 0x7877a0440e90>, verb_extension=<colcon_core.verb.build.BuildVerb object at 0x7877a0440b00>, main=<bound method BuildVerb.main of <colcon_core.verb.build.BuildVerb object at 0x7877a0440b00>>, mixin_verb=('build',))
[0.333s] Level 1:colcon.colcon_core.package_discovery:discover_packages(colcon_meta) check parameters
[0.333s] Level 1:colcon.colcon_core.package_discovery:discover_packages(recursive) check parameters
[0.333s] Level 1:colcon.colcon_core.package_discovery:discover_packages(ignore) check parameters
[0.333s] Level 1:colcon.colcon_core.package_discovery:discover_packages(path) check parameters
[0.333s] Level 1:colcon.colcon_core.package_discovery:discover_packages(colcon_meta) discover
[0.333s] Level 1:colcon.colcon_core.package_discovery:discover_packages(recursive) discover
[0.333s] INFO:colcon.colcon_core.package_discovery:Crawling recursively for packages in '/home/kim/HYPER_WS'
[0.333s] Level 1:colcon.colcon_core.package_identification:_identify(.) by extensions ['ignore', 'ignore_ament_install']
[0.333s] Level 1:colcon.colcon_core.package_identification:_identify(.) by extension 'ignore'
[0.334s] Level 1:colcon.colcon_core.package_identification:_identify(.) by extension 'ignore_ament_install'
[0.334s] Level 1:colcon.colcon_core.package_identification:_identify(.) by extensions ['colcon_pkg']
[0.334s] Level 1:colcon.colcon_core.package_identification:_identify(.) by extension 'colcon_pkg'
[0.334s] Level 1:colcon.colcon_core.package_identification:_identify(.) by extensions ['colcon_meta']
[0.334s] Level 1:colcon.colcon_core.package_identification:_identify(.) by extension 'colcon_meta'
[0.334s] Level 1:colcon.colcon_core.package_identification:_identify(.) by extensions ['ros']
[0.334s] Level 1:colcon.colcon_core.package_identification:_identify(.) by extension 'ros'
[0.374s] Level 1:colcon.colcon_core.package_identification:_identify(.) by extensions ['cmake', 'python']
[0.374s] Level 1:colcon.colcon_core.package_identification:_identify(.) by extension 'cmake'
[0.374s] Level 1:colcon.colcon_core.package_identification:_identify(.) by extension 'python'
[0.374s] Level 1:colcon.colcon_core.package_identification:_identify(.) by extensions ['python_setup_py']
[0.374s] Level 1:colcon.colcon_core.package_identification:_identify(.) by extension 'python_setup_py'
[0.375s] Level 1:colcon.colcon_core.package_identification:_identify(build) by extensions ['ignore', 'ignore_ament_install']
[0.375s] Level 1:colcon.colcon_core.package_identification:_identify(build) by extension 'ignore'
[0.375s] Level 1:colcon.colcon_core.package_identification:_identify(build) ignored
[0.376s] Level 1:colcon.colcon_core.package_identification:_identify(install) by extensions ['ignore', 'ignore_ament_install']
[0.376s] Level 1:colcon.colcon_core.package_identification:_identify(install) by extension 'ignore'
[0.376s] Level 1:colcon.colcon_core.package_identification:_identify(install) ignored
[0.376s] Level 1:colcon.colcon_core.package_identification:_identify(log) by extensions ['ignore', 'ignore_ament_install']
[0.377s] Level 1:colcon.colcon_core.package_identification:_identify(log) by extension 'ignore'
[0.377s] Level 1:colcon.colcon_core.package_identification:_identify(log) ignored
[0.377s] Level 1:colcon.colcon_core.package_identification:_identify(src) by extensions ['ignore', 'ignore_ament_install']
[0.377s] Level 1:colcon.colcon_core.package_identification:_identify(src) by extension 'ignore'
[0.377s] Level 1:colcon.colcon_core.package_identification:_identify(src) by extension 'ignore_ament_install'
[0.377s] Level 1:colcon.colcon_core.package_identification:_identify(src) by extensions ['colcon_pkg']
[0.377s] Level 1:colcon.colcon_core.package_identification:_identify(src) by extension 'colcon_pkg'
[0.377s] Level 1:colcon.colcon_core.package_identification:_identify(src) by extensions ['colcon_meta']
[0.377s] Level 1:colcon.colcon_core.package_identification:_identify(src) by extension 'colcon_meta'
[0.377s] Level 1:colcon.colcon_core.package_identification:_identify(src) by extensions ['ros']
[0.377s] Level 1:colcon.colcon_core.package_identification:_identify(src) by extension 'ros'
[0.377s] Level 1:colcon.colcon_core.package_identification:_identify(src) by extensions ['cmake', 'python']
[0.377s] Level 1:colcon.colcon_core.package_identification:_identify(src) by extension 'cmake'
[0.377s] Level 1:colcon.colcon_core.package_identification:_identify(src) by extension 'python'
[0.377s] Level 1:colcon.colcon_core.package_identification:_identify(src) by extensions ['python_setup_py']
[0.377s] Level 1:colcon.colcon_core.package_identification:_identify(src) by extension 'python_setup_py'
[0.377s] Level 1:colcon.colcon_core.package_identification:_identify(src/cpp_pkg1) by extensions ['ignore', 'ignore_ament_install']
[0.377s] Level 1:colcon.colcon_core.package_identification:_identify(src/cpp_pkg1) by extension 'ignore'
[0.377s] Level 1:colcon.colcon_core.package_identification:_identify(src/cpp_pkg1) by extension 'ignore_ament_install'
[0.377s] Level 1:colcon.colcon_core.package_identification:_identify(src/cpp_pkg1) by extensions ['colcon_pkg']
[0.378s] Level 1:colcon.colcon_core.package_identification:_identify(src/cpp_pkg1) by extension 'colcon_pkg'
[0.378s] Level 1:colcon.colcon_core.package_identification:_identify(src/cpp_pkg1) by extensions ['colcon_meta']
[0.378s] Level 1:colcon.colcon_core.package_identification:_identify(src/cpp_pkg1) by extension 'colcon_meta'
[0.378s] Level 1:colcon.colcon_core.package_identification:_identify(src/cpp_pkg1) by extensions ['ros']
[0.378s] Level 1:colcon.colcon_core.package_identification:_identify(src/cpp_pkg1) by extension 'ros'
[0.382s] DEBUG:colcon.colcon_core.package_identification:Package 'src/cpp_pkg1' with type 'ros.ament_cmake' and name 'cpp_pkg1'
[0.382s] Level 1:colcon.colcon_core.package_identification:_identify(src/cpphello) by extensions ['ignore', 'ignore_ament_install']
[0.383s] Level 1:colcon.colcon_core.package_identification:_identify(src/cpphello) by extension 'ignore'
[0.383s] Level 1:colcon.colcon_core.package_identification:_identify(src/cpphello) by extension 'ignore_ament_install'
[0.383s] Level 1:colcon.colcon_core.package_identification:_identify(src/cpphello) by extensions ['colcon_pkg']
[0.383s] Level 1:colcon.colcon_core.package_identification:_identify(src/cpphello) by extension 'colcon_pkg'
[0.383s] Level 1:colcon.colcon_core.package_identification:_identify(src/cpphello) by extensions ['colcon_meta']
[0.383s] Level 1:colcon.colcon_core.package_identification:_identify(src/cpphello) by extension 'colcon_meta'
[0.383s] Level 1:colcon.colcon_core.package_identification:_identify(src/cpphello) by extensions ['ros']
[0.383s] Level 1:colcon.colcon_core.package_identification:_identify(src/cpphello) by extension 'ros'
[0.383s] DEBUG:colcon.colcon_core.package_identification:Package 'src/cpphello' with type 'ros.ament_cmake' and name 'cpphello'
[0.383s] Level 1:colcon.colcon_core.package_identification:_identify(src/py_pkg1) by extensions ['ignore', 'ignore_ament_install']
[0.384s] Level 1:colcon.colcon_core.package_identification:_identify(src/py_pkg1) by extension 'ignore'
[0.384s] Level 1:colcon.colcon_core.package_identification:_identify(src/py_pkg1) by extension 'ignore_ament_install'
[0.384s] Level 1:colcon.colcon_core.package_identification:_identify(src/py_pkg1) by extensions ['colcon_pkg']
[0.384s] Level 1:colcon.colcon_core.package_identification:_identify(src/py_pkg1) by extension 'colcon_pkg'
[0.384s] Level 1:colcon.colcon_core.package_identification:_identify(src/py_pkg1) by extensions ['colcon_meta']
[0.384s] Level 1:colcon.colcon_core.package_identification:_identify(src/py_pkg1) by extension 'colcon_meta'
[0.384s] Level 1:colcon.colcon_core.package_identification:_identify(src/py_pkg1) by extensions ['ros']
[0.384s] Level 1:colcon.colcon_core.package_identification:_identify(src/py_pkg1) by extension 'ros'
[0.384s] Level 1:colcon.colcon_core.package_identification:_identify(src/py_pkg1) by extensions ['cmake', 'python']
[0.384s] Level 1:colcon.colcon_core.package_identification:_identify(src/py_pkg1) by extension 'cmake'
[0.384s] Level 1:colcon.colcon_core.package_identification:_identify(src/py_pkg1) by extension 'python'
[0.384s] Level 1:colcon.colcon_core.package_identification:_identify(src/py_pkg1) by extensions ['python_setup_py']
[0.384s] Level 1:colcon.colcon_core.package_identification:_identify(src/py_pkg1) by extension 'python_setup_py'
[0.384s] Level 1:colcon.colcon_core.package_identification:_identify(src/pyhello) by extensions ['ignore', 'ignore_ament_install']
[0.384s] Level 1:colcon.colcon_core.package_identification:_identify(src/pyhello) by extension 'ignore'
[0.384s] Level 1:colcon.colcon_core.package_identification:_identify(src/pyhello) by extension 'ignore_ament_install'
[0.384s] Level 1:colcon.colcon_core.package_identification:_identify(src/pyhello) by extensions ['colcon_pkg']
[0.384s] Level 1:colcon.colcon_core.package_identification:_identify(src/pyhello) by extension 'colcon_pkg'
[0.384s] Level 1:colcon.colcon_core.package_identification:_identify(src/pyhello) by extensions ['colcon_meta']
[0.384s] Level 1:colcon.colcon_core.package_identification:_identify(src/pyhello) by extension 'colcon_meta'
[0.384s] Level 1:colcon.colcon_core.package_identification:_identify(src/pyhello) by extensions ['ros']
[0.384s] Level 1:colcon.colcon_core.package_identification:_identify(src/pyhello) by extension 'ros'
[0.385s] DEBUG:colcon.colcon_core.package_identification:Package 'src/pyhello' with type 'ros.ament_python' and name 'pyhello'
[0.385s] Level 1:colcon.colcon_core.package_discovery:discover_packages(recursive) using defaults
[0.385s] Level 1:colcon.colcon_core.package_discovery:discover_packages(ignore) discover
[0.385s] Level 1:colcon.colcon_core.package_discovery:discover_packages(ignore) using defaults
[0.385s] Level 1:colcon.colcon_core.package_discovery:discover_packages(path) discover
[0.385s] Level 1:colcon.colcon_core.package_discovery:discover_packages(path) using defaults
[0.421s] Level 1:colcon.colcon_core.package_discovery:discover_packages(prefix_path) check parameters
[0.421s] Level 1:colcon.colcon_core.package_discovery:discover_packages(prefix_path) discover
[0.427s] DEBUG:colcon.colcon_installed_package_information.package_discovery:Found 1 installed packages in /home/kim/HYPER_WS/install
[0.430s] DEBUG:colcon.colcon_installed_package_information.package_discovery:Found 286 installed packages in /opt/ros/jazzy
[0.431s] Level 1:colcon.colcon_core.package_discovery:discover_packages(prefix_path) using defaults
[0.526s] Level 5:colcon.colcon_core.verb:set package 'cpp_pkg1' build argument 'cmake_args' from command line to 'None'
[0.526s] Level 5:colcon.colcon_core.verb:set package 'cpp_pkg1' build argument 'cmake_target' from command line to 'None'
[0.527s] Level 5:colcon.colcon_core.verb:set package 'cpp_pkg1' build argument 'cmake_target_skip_unavailable' from command line to 'False'
[0.527s] Level 5:colcon.colcon_core.verb:set package 'cpp_pkg1' build argument 'cmake_clean_cache' from command line to 'False'
[0.527s] Level 5:colcon.colcon_core.verb:set package 'cpp_pkg1' build argument 'cmake_clean_first' from command line to 'False'
[0.527s] Level 5:colcon.colcon_core.verb:set package 'cpp_pkg1' build argument 'cmake_force_configure' from command line to 'False'
[0.527s] Level 5:colcon.colcon_core.verb:set package 'cpp_pkg1' build argument 'ament_cmake_args' from command line to 'None'
[0.527s] Level 5:colcon.colcon_core.verb:set package 'cpp_pkg1' build argument 'catkin_cmake_args' from command line to 'None'
[0.527s] Level 5:colcon.colcon_core.verb:set package 'cpp_pkg1' build argument 'catkin_skip_building_tests' from command line to 'False'
[0.527s] DEBUG:colcon.colcon_core.verb:Building package 'cpp_pkg1' with the following arguments: {'ament_cmake_args': None, 'build_base': '/home/kim/HYPER_WS/build/cpp_pkg1', 'catkin_cmake_args': None, 'catkin_skip_building_tests': False, 'cmake_args': None, 'cmake_clean_cache': False, 'cmake_clean_first': False, 'cmake_force_configure': False, 'cmake_target': None, 'cmake_target_skip_unavailable': False, 'install_base': '/home/kim/HYPER_WS/install/cpp_pkg1', 'merge_install': False, 'path': '/home/kim/HYPER_WS/src/cpp_pkg1', 'symlink_install': False, 'test_result_base': None}
[0.527s] Level 5:colcon.colcon_core.verb:set package 'cpphello' build argument 'cmake_args' from command line to 'None'
[0.527s] Level 5:colcon.colcon_core.verb:set package 'cpphello' build argument 'cmake_target' from command line to 'None'
[0.527s] Level 5:colcon.colcon_core.verb:set package 'cpphello' build argument 'cmake_target_skip_unavailable' from command line to 'False'
[0.527s] Level 5:colcon.colcon_core.verb:set package 'cpphello' build argument 'cmake_clean_cache' from command line to 'False'
[0.527s] Level 5:colcon.colcon_core.verb:set package 'cpphello' build argument 'cmake_clean_first' from command line to 'False'
[0.527s] Level 5:colcon.colcon_core.verb:set package 'cpphello' build argument 'cmake_force_configure' from command line to 'False'
[0.527s] Level 5:colcon.colcon_core.verb:set package 'cpphello' build argument 'ament_cmake_args' from command line to 'None'
[0.527s] Level 5:colcon.colcon_core.verb:set package 'cpphello' build argument 'catkin_cmake_args' from command line to 'None'
[0.527s] Level 5:colcon.colcon_core.verb:set package 'cpphello' build argument 'catkin_skip_building_tests' from command line to 'False'
[0.527s] DEBUG:colcon.colcon_core.verb:Building package 'cpphello' with the following arguments: {'ament_cmake_args': None, 'build_base': '/home/kim/HYPER_WS/build/cpphello', 'catkin_cmake_args': None, 'catkin_skip_building_tests': False, 'cmake_args': None, 'cmake_clean_cache': False, 'cmake_clean_first': False, 'cmake_force_configure': False, 'cmake_target': None, 'cmake_target_skip_unavailable': False, 'install_base': '/home/kim/HYPER_WS/install/cpphello', 'merge_install': False, 'path': '/home/kim/HYPER_WS/src/cpphello', 'symlink_install': False, 'test_result_base': None}
[0.527s] Level 5:colcon.colcon_core.verb:set package 'pyhello' build argument 'cmake_args' from command line to 'None'
[0.527s] Level 5:colcon.colcon_core.verb:set package 'pyhello' build argument 'cmake_target' from command line to 'None'
[0.527s] Level 5:colcon.colcon_core.verb:set package 'pyhello' build argument 'cmake_target_skip_unavailable' from command line to 'False'
[0.527s] Level 5:colcon.colcon_core.verb:set package 'pyhello' build argument 'cmake_clean_cache' from command line to 'False'
[0.527s] Level 5:colcon.colcon_core.verb:set package 'pyhello' build argument 'cmake_clean_first' from command line to 'False'
[0.527s] Level 5:colcon.colcon_core.verb:set package 'pyhello' build argument 'cmake_force_configure' from command line to 'False'
[0.527s] Level 5:colcon.colcon_core.verb:set package 'pyhello' build argument 'ament_cmake_args' from command line to 'None'
[0.527s] Level 5:colcon.colcon_core.verb:set package 'pyhello' build argument 'catkin_cmake_args' from command line to 'None'
[0.527s] Level 5:colcon.colcon_core.verb:set package 'pyhello' build argument 'catkin_skip_building_tests' from command line to 'False'
[0.527s] DEBUG:colcon.colcon_core.verb:Building package 'pyhello' with the following arguments: {'ament_cmake_args': None, 'build_base': '/home/kim/HYPER_WS/build/pyhello', 'catkin_cmake_args': None, 'catkin_skip_building_tests': False, 'cmake_args': None, 'cmake_clean_cache': False, 'cmake_clean_first': False, 'cmake_force_configure': False, 'cmake_target': None, 'cmake_target_skip_unavailable': False, 'install_base': '/home/kim/HYPER_WS/install/pyhello', 'merge_install': False, 'path': '/home/kim/HYPER_WS/src/pyhello', 'symlink_install': False, 'test_result_base': None}
[0.528s] INFO:colcon.colcon_core.executor:Executing jobs using 'parallel' executor
[0.529s] DEBUG:colcon.colcon_parallel_executor.executor.parallel:run_until_complete
[0.529s] INFO:colcon.colcon_ros.task.ament_cmake.build:Building ROS package in '/home/kim/HYPER_WS/src/cpp_pkg1' with build type 'ament_cmake'
[0.530s] INFO:colcon.colcon_cmake.task.cmake.build:Building CMake package in '/home/kim/HYPER_WS/src/cpp_pkg1'
[0.535s] INFO:colcon.colcon_core.plugin_system:Skipping extension 'colcon_core.shell.bat': Not used on non-Windows systems
[0.535s] INFO:colcon.colcon_core.shell:Skip shell extension 'powershell' for command environment: Not usable outside of PowerShell
[0.536s] DEBUG:colcon.colcon_core.shell:Skip shell extension 'dsv' for command environment
[0.539s] INFO:colcon.colcon_ros.task.ament_cmake.build:Building ROS package in '/home/kim/HYPER_WS/src/cpphello' with build type 'ament_cmake'
[0.539s] INFO:colcon.colcon_cmake.task.cmake.build:Building CMake package in '/home/kim/HYPER_WS/src/cpphello'
[0.540s] INFO:colcon.colcon_core.shell:Skip shell extension 'powershell' for command environment: Not usable outside of PowerShell
[0.540s] DEBUG:colcon.colcon_core.shell:Skip shell extension 'dsv' for command environment
[0.542s] INFO:colcon.colcon_ros.task.ament_python.build:Building ROS package in '/home/kim/HYPER_WS/src/pyhello' with build type 'ament_python'
[0.542s] Level 1:colcon.colcon_core.shell:create_environment_hook('pyhello', 'ament_prefix_path')
[0.543s] INFO:colcon.colcon_core.shell:Creating environment hook '/home/kim/HYPER_WS/install/pyhello/share/pyhello/hook/ament_prefix_path.ps1'
[0.545s] INFO:colcon.colcon_core.shell:Creating environment descriptor '/home/kim/HYPER_WS/install/pyhello/share/pyhello/hook/ament_prefix_path.dsv'
[0.546s] INFO:colcon.colcon_core.shell:Creating environment hook '/home/kim/HYPER_WS/install/pyhello/share/pyhello/hook/ament_prefix_path.sh'
[0.547s] INFO:colcon.colcon_core.shell:Skip shell extension 'powershell' for command environment: Not usable outside of PowerShell
[0.547s] DEBUG:colcon.colcon_core.shell:Skip shell extension 'dsv' for command environment
[0.562s] DEBUG:colcon.colcon_core.event_handler.log_command:Invoking command in '/home/kim/HYPER_WS/build/cpp_pkg1': CMAKE_PREFIX_PATH=${CMAKE_PREFIX_PATH}:/opt/ros/jazzy /usr/bin/cmake --build /home/kim/HYPER_WS/build/cpp_pkg1 -- -j8 -l8
[0.568s] DEBUG:colcon.colcon_core.event_handler.log_command:Invoking command in '/home/kim/HYPER_WS/build/cpphello': CMAKE_PREFIX_PATH=${CMAKE_PREFIX_PATH}:/opt/ros/jazzy /usr/bin/cmake /home/kim/HYPER_WS/src/cpphello -DCMAKE_INSTALL_PREFIX=/home/kim/HYPER_WS/install/cpphello
[0.829s] INFO:colcon.colcon_core.task.python.build:Building Python package in '/home/kim/HYPER_WS/src/pyhello'
[0.829s] INFO:colcon.colcon_core.shell:Skip shell extension 'powershell' for command environment: Not usable outside of PowerShell
[0.829s] DEBUG:colcon.colcon_core.shell:Skip shell extension 'dsv' for command environment
[0.837s] DEBUG:colcon.colcon_core.event_handler.log_command:Invoked command in '/home/kim/HYPER_WS/build/cpp_pkg1' returned '0': CMAKE_PREFIX_PATH=${CMAKE_PREFIX_PATH}:/opt/ros/jazzy /usr/bin/cmake --build /home/kim/HYPER_WS/build/cpp_pkg1 -- -j8 -l8
[0.849s] DEBUG:colcon.colcon_core.event_handler.log_command:Invoking command in '/home/kim/HYPER_WS/build/cpp_pkg1': CMAKE_PREFIX_PATH=${CMAKE_PREFIX_PATH}:/opt/ros/jazzy /usr/bin/cmake --install /home/kim/HYPER_WS/build/cpp_pkg1
[0.863s] Level 1:colcon.colcon_core.environment:create_environment_scripts_only(cpp_pkg1)
[0.864s] DEBUG:colcon.colcon_core.event_handler.log_command:Invoked command in '/home/kim/HYPER_WS/build/cpp_pkg1' returned '0': CMAKE_PREFIX_PATH=${CMAKE_PREFIX_PATH}:/opt/ros/jazzy /usr/bin/cmake --install /home/kim/HYPER_WS/build/cpp_pkg1
[0.873s] Level 1:colcon.colcon_core.environment:checking '/home/kim/HYPER_WS/install/cpp_pkg1' for CMake module files
[0.875s] Level 1:colcon.colcon_core.environment:checking '/home/kim/HYPER_WS/install/cpp_pkg1' for CMake config files
[0.878s] Level 1:colcon.colcon_core.shell:create_environment_hook('cpp_pkg1', 'cmake_prefix_path')
[0.878s] INFO:colcon.colcon_core.shell:Creating environment hook '/home/kim/HYPER_WS/install/cpp_pkg1/share/cpp_pkg1/hook/cmake_prefix_path.ps1'
[0.879s] INFO:colcon.colcon_core.shell:Creating environment descriptor '/home/kim/HYPER_WS/install/cpp_pkg1/share/cpp_pkg1/hook/cmake_prefix_path.dsv'
[0.880s] INFO:colcon.colcon_core.shell:Creating environment hook '/home/kim/HYPER_WS/install/cpp_pkg1/share/cpp_pkg1/hook/cmake_prefix_path.sh'
[0.880s] Level 1:colcon.colcon_core.environment:checking '/home/kim/HYPER_WS/install/cpp_pkg1/lib'
[0.881s] Level 1:colcon.colcon_core.environment:checking '/home/kim/HYPER_WS/install/cpp_pkg1/bin'
[0.881s] Level 1:colcon.colcon_core.environment:checking '/home/kim/HYPER_WS/install/cpp_pkg1/lib/pkgconfig/cpp_pkg1.pc'
[0.881s] Level 1:colcon.colcon_core.environment:checking '/home/kim/HYPER_WS/install/cpp_pkg1/lib/python3.12/site-packages'
[0.882s] Level 1:colcon.colcon_core.environment:checking '/home/kim/HYPER_WS/install/cpp_pkg1/bin'
[0.882s] INFO:colcon.colcon_core.shell:Creating package script '/home/kim/HYPER_WS/install/cpp_pkg1/share/cpp_pkg1/package.ps1'
[0.883s] INFO:colcon.colcon_core.shell:Creating package descriptor '/home/kim/HYPER_WS/install/cpp_pkg1/share/cpp_pkg1/package.dsv'
[0.884s] INFO:colcon.colcon_core.shell:Creating package script '/home/kim/HYPER_WS/install/cpp_pkg1/share/cpp_pkg1/package.sh'
[0.886s] INFO:colcon.colcon_core.shell:Creating package script '/home/kim/HYPER_WS/install/cpp_pkg1/share/cpp_pkg1/package.bash'
[0.887s] INFO:colcon.colcon_core.shell:Creating package script '/home/kim/HYPER_WS/install/cpp_pkg1/share/cpp_pkg1/package.zsh'
[0.888s] Level 1:colcon.colcon_core.environment:create_file_with_runtime_dependencies(/home/kim/HYPER_WS/install/cpp_pkg1/share/colcon-core/packages/cpp_pkg1)
[0.888s] Level 1:colcon.colcon_core.environment:create_environment_scripts_only(cpp_pkg1)
[0.889s] Level 1:colcon.colcon_core.environment:checking '/home/kim/HYPER_WS/install/cpp_pkg1' for CMake module files
[0.889s] Level 1:colcon.colcon_core.environment:checking '/home/kim/HYPER_WS/install/cpp_pkg1' for CMake config files
[0.889s] Level 1:colcon.colcon_core.shell:create_environment_hook('cpp_pkg1', 'cmake_prefix_path')
[0.890s] INFO:colcon.colcon_core.shell:Creating environment hook '/home/kim/HYPER_WS/install/cpp_pkg1/share/cpp_pkg1/hook/cmake_prefix_path.ps1'
[0.890s] INFO:colcon.colcon_core.shell:Creating environment descriptor '/home/kim/HYPER_WS/install/cpp_pkg1/share/cpp_pkg1/hook/cmake_prefix_path.dsv'
[0.891s] INFO:colcon.colcon_core.shell:Creating environment hook '/home/kim/HYPER_WS/install/cpp_pkg1/share/cpp_pkg1/hook/cmake_prefix_path.sh'
[0.892s] Level 1:colcon.colcon_core.environment:checking '/home/kim/HYPER_WS/install/cpp_pkg1/lib'
[0.892s] Level 1:colcon.colcon_core.environment:checking '/home/kim/HYPER_WS/install/cpp_pkg1/bin'
[0.892s] Level 1:colcon.colcon_core.environment:checking '/home/kim/HYPER_WS/install/cpp_pkg1/lib/pkgconfig/cpp_pkg1.pc'
[0.892s] Level 1:colcon.colcon_core.environment:checking '/home/kim/HYPER_WS/install/cpp_pkg1/lib/python3.12/site-packages'
[0.892s] Level 1:colcon.colcon_core.environment:checking '/home/kim/HYPER_WS/install/cpp_pkg1/bin'
[0.893s] INFO:colcon.colcon_core.shell:Creating package script '/home/kim/HYPER_WS/install/cpp_pkg1/share/cpp_pkg1/package.ps1'
[0.893s] INFO:colcon.colcon_core.shell:Creating package descriptor '/home/kim/HYPER_WS/install/cpp_pkg1/share/cpp_pkg1/package.dsv'
[0.894s] INFO:colcon.colcon_core.shell:Creating package script '/home/kim/HYPER_WS/install/cpp_pkg1/share/cpp_pkg1/package.sh'
[0.894s] INFO:colcon.colcon_core.shell:Creating package script '/home/kim/HYPER_WS/install/cpp_pkg1/share/cpp_pkg1/package.bash'
[0.895s] INFO:colcon.colcon_core.shell:Creating package script '/home/kim/HYPER_WS/install/cpp_pkg1/share/cpp_pkg1/package.zsh'
[0.896s] Level 1:colcon.colcon_core.environment:create_file_with_runtime_dependencies(/home/kim/HYPER_WS/install/cpp_pkg1/share/colcon-core/packages/cpp_pkg1)
[1.849s] DEBUG:colcon.colcon_core.event_handler.log_command:Invoking command in '/home/kim/HYPER_WS/src/pyhello': PYTHONPATH=/home/kim/HYPER_WS/build/pyhello/prefix_override:/usr/lib/python3/dist-packages/colcon_core/task/python/colcon_distutils_commands:/home/kim/HYPER_WS/install/pyhello/lib/python3.12/site-packages:${PYTHONPATH} /usr/bin/python3 -W ignore:setup.py install is deprecated -W ignore:easy_install command is deprecated setup.py egg_info --egg-base ../../build/pyhello build --build-base /home/kim/HYPER_WS/build/pyhello/build install --record /home/kim/HYPER_WS/build/pyhello/install.log --single-version-externally-managed install_data
[2.406s] Level 1:colcon.colcon_core.environment:checking '/home/kim/HYPER_WS/install/pyhello' for CMake module files
[2.407s] Level 1:colcon.colcon_core.environment:checking '/home/kim/HYPER_WS/install/pyhello' for CMake config files
[2.407s] DEBUG:colcon.colcon_core.event_handler.log_command:Invoked command in '/home/kim/HYPER_WS/src/pyhello' returned '0': PYTHONPATH=/home/kim/HYPER_WS/build/pyhello/prefix_override:/usr/lib/python3/dist-packages/colcon_core/task/python/colcon_distutils_commands:/home/kim/HYPER_WS/install/pyhello/lib/python3.12/site-packages:${PYTHONPATH} /usr/bin/python3 -W ignore:setup.py install is deprecated -W ignore:easy_install command is deprecated setup.py egg_info --egg-base ../../build/pyhello build --build-base /home/kim/HYPER_WS/build/pyhello/build install --record /home/kim/HYPER_WS/build/pyhello/install.log --single-version-externally-managed install_data
[2.407s] Level 1:colcon.colcon_core.environment:checking '/home/kim/HYPER_WS/install/pyhello/lib'
[2.407s] Level 1:colcon.colcon_core.environment:checking '/home/kim/HYPER_WS/install/pyhello/bin'
[2.408s] Level 1:colcon.colcon_core.environment:checking '/home/kim/HYPER_WS/install/pyhello/lib/pkgconfig/pyhello.pc'
[2.408s] Level 1:colcon.colcon_core.environment:checking '/home/kim/HYPER_WS/install/pyhello/lib/python3.12/site-packages'
[2.408s] Level 1:colcon.colcon_core.shell:create_environment_hook('pyhello', 'pythonpath')
[2.408s] INFO:colcon.colcon_core.shell:Creating environment hook '/home/kim/HYPER_WS/install/pyhello/share/pyhello/hook/pythonpath.ps1'
[2.408s] INFO:colcon.colcon_core.shell:Creating environment descriptor '/home/kim/HYPER_WS/install/pyhello/share/pyhello/hook/pythonpath.dsv'
[2.409s] INFO:colcon.colcon_core.shell:Creating environment hook '/home/kim/HYPER_WS/install/pyhello/share/pyhello/hook/pythonpath.sh'
[2.409s] Level 1:colcon.colcon_core.environment:checking '/home/kim/HYPER_WS/install/pyhello/bin'
[2.409s] Level 1:colcon.colcon_core.environment:create_environment_scripts_only(pyhello)
[2.410s] INFO:colcon.colcon_core.shell:Creating package script '/home/kim/HYPER_WS/install/pyhello/share/pyhello/package.ps1'
[2.410s] INFO:colcon.colcon_core.shell:Creating package descriptor '/home/kim/HYPER_WS/install/pyhello/share/pyhello/package.dsv'
[2.411s] INFO:colcon.colcon_core.shell:Creating package script '/home/kim/HYPER_WS/install/pyhello/share/pyhello/package.sh'
[2.411s] INFO:colcon.colcon_core.shell:Creating package script '/home/kim/HYPER_WS/install/pyhello/share/pyhello/package.bash'
[2.412s] INFO:colcon.colcon_core.shell:Creating package script '/home/kim/HYPER_WS/install/pyhello/share/pyhello/package.zsh'
[2.412s] Level 1:colcon.colcon_core.environment:create_file_with_runtime_dependencies(/home/kim/HYPER_WS/install/pyhello/share/colcon-core/packages/pyhello)
[3.117s] DEBUG:colcon.colcon_core.event_handler.log_command:Invoked command in '/home/kim/HYPER_WS/build/cpphello' returned '0': CMAKE_PREFIX_PATH=${CMAKE_PREFIX_PATH}:/opt/ros/jazzy /usr/bin/cmake /home/kim/HYPER_WS/src/cpphello -DCMAKE_INSTALL_PREFIX=/home/kim/HYPER_WS/install/cpphello
[3.118s] DEBUG:colcon.colcon_core.event_handler.log_command:Invoking command in '/home/kim/HYPER_WS/build/cpphello': CMAKE_PREFIX_PATH=${CMAKE_PREFIX_PATH}:/opt/ros/jazzy /usr/bin/cmake --build /home/kim/HYPER_WS/build/cpphello -- -j8 -l8
[6.061s] DEBUG:colcon.colcon_core.event_handler.log_command:Invoked command in '/home/kim/HYPER_WS/build/cpphello' returned '2': CMAKE_PREFIX_PATH=${CMAKE_PREFIX_PATH}:/opt/ros/jazzy /usr/bin/cmake --build /home/kim/HYPER_WS/build/cpphello -- -j8 -l8
[6.062s] Level 1:colcon.colcon_core.environment:create_environment_scripts_only(cpphello)
[6.062s] Level 1:colcon.colcon_core.environment:checking '/home/kim/HYPER_WS/install/cpphello' for CMake module files
[6.063s] Level 1:colcon.colcon_core.environment:checking '/home/kim/HYPER_WS/install/cpphello' for CMake config files
[6.063s] Level 1:colcon.colcon_core.environment:checking '/home/kim/HYPER_WS/install/cpphello/bin'
[6.063s] Level 1:colcon.colcon_core.environment:checking '/home/kim/HYPER_WS/install/cpphello/lib/pkgconfig/cpphello.pc'
[6.063s] Level 1:colcon.colcon_core.environment:checking '/home/kim/HYPER_WS/install/cpphello/lib/python3.12/site-packages'
[6.063s] Level 1:colcon.colcon_core.environment:checking '/home/kim/HYPER_WS/install/cpphello/bin'
[6.064s] INFO:colcon.colcon_core.shell:Creating package script '/home/kim/HYPER_WS/install/cpphello/share/cpphello/package.ps1'
[6.065s] INFO:colcon.colcon_core.shell:Creating package descriptor '/home/kim/HYPER_WS/install/cpphello/share/cpphello/package.dsv'
[6.065s] INFO:colcon.colcon_core.shell:Creating package script '/home/kim/HYPER_WS/install/cpphello/share/cpphello/package.sh'
[6.065s] INFO:colcon.colcon_core.shell:Creating package script '/home/kim/HYPER_WS/install/cpphello/share/cpphello/package.bash'
[6.066s] INFO:colcon.colcon_core.shell:Creating package script '/home/kim/HYPER_WS/install/cpphello/share/cpphello/package.zsh'
[6.066s] Level 1:colcon.colcon_core.environment:create_file_with_runtime_dependencies(/home/kim/HYPER_WS/install/cpphello/share/colcon-core/packages/cpphello)
[6.077s] DEBUG:colcon.colcon_parallel_executor.executor.parallel:closing loop
[6.077s] DEBUG:colcon.colcon_parallel_executor.executor.parallel:loop closed
[6.077s] DEBUG:colcon.colcon_parallel_executor.executor.parallel:run_until_complete finished with '2'
[6.078s] DEBUG:colcon.colcon_core.event_reactor:joining thread
[6.111s] INFO:colcon.colcon_core.plugin_system:Skipping extension 'colcon_notification.desktop_notification.notify_send': Could not find 'notify-send'
[6.111s] INFO:colcon.colcon_core.plugin_system:Skipping extension 'colcon_notification.desktop_notification.terminal_notifier': Not used on non-Darwin systems
[6.111s] INFO:colcon.colcon_core.plugin_system:Skipping extension 'colcon_notification.desktop_notification.win32': Not used on non-Windows systems
[6.111s] INFO:colcon.colcon_notification.desktop_notification:Sending desktop notification using 'notify2'
[6.115s] DEBUG:colcon.colcon_notification.desktop_notification.notify2:Failed to initialize notify2: org.freedesktop.DBus.Error.ServiceUnknown: The name org.freedesktop.Notifications was not provided by any .service files
[6.115s] DEBUG:colcon.colcon_core.event_reactor:joined thread
[6.115s] INFO:colcon.colcon_core.shell:Creating prefix script '/home/kim/HYPER_WS/install/local_setup.ps1'
[6.116s] INFO:colcon.colcon_core.shell:Creating prefix util module '/home/kim/HYPER_WS/install/_local_setup_util_ps1.py'
[6.117s] INFO:colcon.colcon_core.shell:Creating prefix chain script '/home/kim/HYPER_WS/install/setup.ps1'
[6.118s] INFO:colcon.colcon_core.shell:Creating prefix script '/home/kim/HYPER_WS/install/local_setup.sh'
[6.119s] INFO:colcon.colcon_core.shell:Creating prefix util module '/home/kim/HYPER_WS/install/_local_setup_util_sh.py'
[6.119s] INFO:colcon.colcon_core.shell:Creating prefix chain script '/home/kim/HYPER_WS/install/setup.sh'
[6.120s] INFO:colcon.colcon_core.shell:Creating prefix script '/home/kim/HYPER_WS/install/local_setup.bash'
[6.121s] INFO:colcon.colcon_core.shell:Creating prefix chain script '/home/kim/HYPER_WS/install/setup.bash'
[6.122s] INFO:colcon.colcon_core.shell:Creating prefix script '/home/kim/HYPER_WS/install/local_setup.zsh'
[6.122s] INFO:colcon.colcon_core.shell:Creating prefix chain script '/home/kim/HYPER_WS/install/setup.zsh'
