[0.241s] DEBUG:colcon:Command line arguments: ['/usr/bin/colcon', 'build']
[0.241s] DEBUG:colcon:Parsed command line arguments: Namespace(log_base=None, log_level=None, verb_name='build', build_base='build', install_base='install', merge_install=False, symlink_install=False, test_result_base=None, continue_on_error=False, executor='parallel', parallel_workers=8, event_handlers=None, ignore_user_meta=False, metas=['./colcon.meta'], base_paths=['.'], packages_ignore=None, packages_ignore_regex=None, paths=None, packages_up_to=None, packages_up_to_regex=None, packages_above=None, packages_above_and_dependencies=None, packages_above_depth=None, packages_select_by_dep=None, packages_skip_by_dep=None, packages_skip_up_to=None, packages_select_build_failed=False, packages_skip_build_finished=False, packages_select_test_failures=False, packages_skip_test_passed=False, packages_select=None, packages_skip=None, packages_select_regex=None, packages_skip_regex=None, packages_start=None, packages_end=None, allow_overriding=[], cmake_args=None, cmake_target=None, cmake_target_skip_unavailable=False, cmake_clean_cache=False, cmake_clean_first=False, cmake_force_configure=False, ament_cmake_args=None, catkin_cmake_args=None, catkin_skip_building_tests=False, mixin_files=None, mixin=None, verb_parser=<colcon_mixin.mixin.mixin_argument.MixinArgumentDecorator object at 0x79953fd84ce0>, verb_extension=<colcon_core.verb.build.BuildVerb object at 0x79953fd84a40>, main=<bound method BuildVerb.main of <colcon_core.verb.build.BuildVerb object at 0x79953fd84a40>>, mixin_verb=('build',))
[0.308s] Level 1:colcon.colcon_core.package_discovery:discover_packages(colcon_meta) check parameters
[0.308s] Level 1:colcon.colcon_core.package_discovery:discover_packages(recursive) check parameters
[0.308s] Level 1:colcon.colcon_core.package_discovery:discover_packages(ignore) check parameters
[0.308s] Level 1:colcon.colcon_core.package_discovery:discover_packages(path) check parameters
[0.308s] Level 1:colcon.colcon_core.package_discovery:discover_packages(colcon_meta) discover
[0.308s] Level 1:colcon.colcon_core.package_discovery:discover_packages(recursive) discover
[0.308s] INFO:colcon.colcon_core.package_discovery:Crawling recursively for packages in '/home/kim/HYPER_WS'
[0.308s] Level 1:colcon.colcon_core.package_identification:_identify(.) by extensions ['ignore', 'ignore_ament_install']
[0.309s] Level 1:colcon.colcon_core.package_identification:_identify(.) by extension 'ignore'
[0.309s] Level 1:colcon.colcon_core.package_identification:_identify(.) by extension 'ignore_ament_install'
[0.309s] Level 1:colcon.colcon_core.package_identification:_identify(.) by extensions ['colcon_pkg']
[0.309s] Level 1:colcon.colcon_core.package_identification:_identify(.) by extension 'colcon_pkg'
[0.309s] Level 1:colcon.colcon_core.package_identification:_identify(.) by extensions ['colcon_meta']
[0.309s] Level 1:colcon.colcon_core.package_identification:_identify(.) by extension 'colcon_meta'
[0.309s] Level 1:colcon.colcon_core.package_identification:_identify(.) by extensions ['ros']
[0.309s] Level 1:colcon.colcon_core.package_identification:_identify(.) by extension 'ros'
[0.341s] Level 1:colcon.colcon_core.package_identification:_identify(.) by extensions ['cmake', 'python']
[0.342s] Level 1:colcon.colcon_core.package_identification:_identify(.) by extension 'cmake'
[0.342s] Level 1:colcon.colcon_core.package_identification:_identify(.) by extension 'python'
[0.342s] Level 1:colcon.colcon_core.package_identification:_identify(.) by extensions ['python_setup_py']
[0.342s] Level 1:colcon.colcon_core.package_identification:_identify(.) by extension 'python_setup_py'
[0.342s] Level 1:colcon.colcon_core.package_identification:_identify(build) by extensions ['ignore', 'ignore_ament_install']
[0.343s] Level 1:colcon.colcon_core.package_identification:_identify(build) by extension 'ignore'
[0.343s] Level 1:colcon.colcon_core.package_identification:_identify(build) ignored
[0.343s] Level 1:colcon.colcon_core.package_identification:_identify(install) by extensions ['ignore', 'ignore_ament_install']
[0.343s] Level 1:colcon.colcon_core.package_identification:_identify(install) by extension 'ignore'
[0.343s] Level 1:colcon.colcon_core.package_identification:_identify(install) ignored
[0.343s] Level 1:colcon.colcon_core.package_identification:_identify(log) by extensions ['ignore', 'ignore_ament_install']
[0.343s] Level 1:colcon.colcon_core.package_identification:_identify(log) by extension 'ignore'
[0.343s] Level 1:colcon.colcon_core.package_identification:_identify(log) ignored
[0.343s] Level 1:colcon.colcon_core.package_identification:_identify(src) by extensions ['ignore', 'ignore_ament_install']
[0.343s] Level 1:colcon.colcon_core.package_identification:_identify(src) by extension 'ignore'
[0.343s] Level 1:colcon.colcon_core.package_identification:_identify(src) by extension 'ignore_ament_install'
[0.343s] Level 1:colcon.colcon_core.package_identification:_identify(src) by extensions ['colcon_pkg']
[0.343s] Level 1:colcon.colcon_core.package_identification:_identify(src) by extension 'colcon_pkg'
[0.343s] Level 1:colcon.colcon_core.package_identification:_identify(src) by extensions ['colcon_meta']
[0.343s] Level 1:colcon.colcon_core.package_identification:_identify(src) by extension 'colcon_meta'
[0.343s] Level 1:colcon.colcon_core.package_identification:_identify(src) by extensions ['ros']
[0.343s] Level 1:colcon.colcon_core.package_identification:_identify(src) by extension 'ros'
[0.343s] Level 1:colcon.colcon_core.package_identification:_identify(src) by extensions ['cmake', 'python']
[0.343s] Level 1:colcon.colcon_core.package_identification:_identify(src) by extension 'cmake'
[0.343s] Level 1:colcon.colcon_core.package_identification:_identify(src) by extension 'python'
[0.343s] Level 1:colcon.colcon_core.package_identification:_identify(src) by extensions ['python_setup_py']
[0.343s] Level 1:colcon.colcon_core.package_identification:_identify(src) by extension 'python_setup_py'
[0.344s] Level 1:colcon.colcon_core.package_identification:_identify(src/cpp_pkg1) by extensions ['ignore', 'ignore_ament_install']
[0.344s] Level 1:colcon.colcon_core.package_identification:_identify(src/cpp_pkg1) by extension 'ignore'
[0.344s] Level 1:colcon.colcon_core.package_identification:_identify(src/cpp_pkg1) by extension 'ignore_ament_install'
[0.344s] Level 1:colcon.colcon_core.package_identification:_identify(src/cpp_pkg1) by extensions ['colcon_pkg']
[0.344s] Level 1:colcon.colcon_core.package_identification:_identify(src/cpp_pkg1) by extension 'colcon_pkg'
[0.344s] Level 1:colcon.colcon_core.package_identification:_identify(src/cpp_pkg1) by extensions ['colcon_meta']
[0.344s] Level 1:colcon.colcon_core.package_identification:_identify(src/cpp_pkg1) by extension 'colcon_meta'
[0.344s] Level 1:colcon.colcon_core.package_identification:_identify(src/cpp_pkg1) by extensions ['ros']
[0.344s] Level 1:colcon.colcon_core.package_identification:_identify(src/cpp_pkg1) by extension 'ros'
[0.348s] DEBUG:colcon.colcon_core.package_identification:Package 'src/cpp_pkg1' with type 'ros.ament_cmake' and name 'cpp_pkg1'
[0.349s] Level 1:colcon.colcon_core.package_identification:_identify(src/py_pkg1) by extensions ['ignore', 'ignore_ament_install']
[0.349s] Level 1:colcon.colcon_core.package_identification:_identify(src/py_pkg1) by extension 'ignore'
[0.349s] Level 1:colcon.colcon_core.package_identification:_identify(src/py_pkg1) by extension 'ignore_ament_install'
[0.349s] Level 1:colcon.colcon_core.package_identification:_identify(src/py_pkg1) by extensions ['colcon_pkg']
[0.349s] Level 1:colcon.colcon_core.package_identification:_identify(src/py_pkg1) by extension 'colcon_pkg'
[0.349s] Level 1:colcon.colcon_core.package_identification:_identify(src/py_pkg1) by extensions ['colcon_meta']
[0.349s] Level 1:colcon.colcon_core.package_identification:_identify(src/py_pkg1) by extension 'colcon_meta'
[0.349s] Level 1:colcon.colcon_core.package_identification:_identify(src/py_pkg1) by extensions ['ros']
[0.349s] Level 1:colcon.colcon_core.package_identification:_identify(src/py_pkg1) by extension 'ros'
[0.349s] Level 1:colcon.colcon_core.package_identification:_identify(src/py_pkg1) by extensions ['cmake', 'python']
[0.349s] Level 1:colcon.colcon_core.package_identification:_identify(src/py_pkg1) by extension 'cmake'
[0.349s] Level 1:colcon.colcon_core.package_identification:_identify(src/py_pkg1) by extension 'python'
[0.349s] Level 1:colcon.colcon_core.package_identification:_identify(src/py_pkg1) by extensions ['python_setup_py']
[0.349s] Level 1:colcon.colcon_core.package_identification:_identify(src/py_pkg1) by extension 'python_setup_py'
[0.350s] Level 1:colcon.colcon_core.package_discovery:discover_packages(recursive) using defaults
[0.350s] Level 1:colcon.colcon_core.package_discovery:discover_packages(ignore) discover
[0.350s] Level 1:colcon.colcon_core.package_discovery:discover_packages(ignore) using defaults
[0.350s] Level 1:colcon.colcon_core.package_discovery:discover_packages(path) discover
[0.350s] Level 1:colcon.colcon_core.package_discovery:discover_packages(path) using defaults
[0.380s] Level 1:colcon.colcon_core.package_discovery:discover_packages(prefix_path) check parameters
[0.380s] Level 1:colcon.colcon_core.package_discovery:discover_packages(prefix_path) discover
[0.384s] DEBUG:colcon.colcon_installed_package_information.package_discovery:Found 1 installed packages in /home/kim/HYPER_WS/install
[0.385s] DEBUG:colcon.colcon_installed_package_information.package_discovery:Found 286 installed packages in /opt/ros/jazzy
[0.386s] Level 1:colcon.colcon_core.package_discovery:discover_packages(prefix_path) using defaults
[0.420s] Level 5:colcon.colcon_core.verb:set package 'cpp_pkg1' build argument 'cmake_args' from command line to 'None'
[0.420s] Level 5:colcon.colcon_core.verb:set package 'cpp_pkg1' build argument 'cmake_target' from command line to 'None'
[0.420s] Level 5:colcon.colcon_core.verb:set package 'cpp_pkg1' build argument 'cmake_target_skip_unavailable' from command line to 'False'
[0.420s] Level 5:colcon.colcon_core.verb:set package 'cpp_pkg1' build argument 'cmake_clean_cache' from command line to 'False'
[0.420s] Level 5:colcon.colcon_core.verb:set package 'cpp_pkg1' build argument 'cmake_clean_first' from command line to 'False'
[0.420s] Level 5:colcon.colcon_core.verb:set package 'cpp_pkg1' build argument 'cmake_force_configure' from command line to 'False'
[0.420s] Level 5:colcon.colcon_core.verb:set package 'cpp_pkg1' build argument 'ament_cmake_args' from command line to 'None'
[0.420s] Level 5:colcon.colcon_core.verb:set package 'cpp_pkg1' build argument 'catkin_cmake_args' from command line to 'None'
[0.420s] Level 5:colcon.colcon_core.verb:set package 'cpp_pkg1' build argument 'catkin_skip_building_tests' from command line to 'False'
[0.420s] DEBUG:colcon.colcon_core.verb:Building package 'cpp_pkg1' with the following arguments: {'ament_cmake_args': None, 'build_base': '/home/kim/HYPER_WS/build/cpp_pkg1', 'catkin_cmake_args': None, 'catkin_skip_building_tests': False, 'cmake_args': None, 'cmake_clean_cache': False, 'cmake_clean_first': False, 'cmake_force_configure': False, 'cmake_target': None, 'cmake_target_skip_unavailable': False, 'install_base': '/home/kim/HYPER_WS/install/cpp_pkg1', 'merge_install': False, 'path': '/home/kim/HYPER_WS/src/cpp_pkg1', 'symlink_install': False, 'test_result_base': None}
[0.420s] INFO:colcon.colcon_core.executor:Executing jobs using 'parallel' executor
[0.421s] DEBUG:colcon.colcon_parallel_executor.executor.parallel:run_until_complete
[0.421s] INFO:colcon.colcon_ros.task.ament_cmake.build:Building ROS package in '/home/kim/HYPER_WS/src/cpp_pkg1' with build type 'ament_cmake'
[0.421s] INFO:colcon.colcon_cmake.task.cmake.build:Building CMake package in '/home/kim/HYPER_WS/src/cpp_pkg1'
[0.428s] INFO:colcon.colcon_core.plugin_system:Skipping extension 'colcon_core.shell.bat': Not used on non-Windows systems
[0.428s] INFO:colcon.colcon_core.shell:Skip shell extension 'powershell' for command environment: Not usable outside of PowerShell
[0.428s] DEBUG:colcon.colcon_core.shell:Skip shell extension 'dsv' for command environment
[0.440s] DEBUG:colcon.colcon_core.event_handler.log_command:Invoking command in '/home/kim/HYPER_WS/build/cpp_pkg1': CMAKE_PREFIX_PATH=${CMAKE_PREFIX_PATH}:/opt/ros/jazzy /usr/bin/cmake --build /home/kim/HYPER_WS/build/cpp_pkg1 -- -j8 -l8
[1.437s] DEBUG:colcon.colcon_core.event_handler.log_command:Invoked command in '/home/kim/HYPER_WS/build/cpp_pkg1' returned '0': CMAKE_PREFIX_PATH=${CMAKE_PREFIX_PATH}:/opt/ros/jazzy /usr/bin/cmake --build /home/kim/HYPER_WS/build/cpp_pkg1 -- -j8 -l8
[1.446s] DEBUG:colcon.colcon_core.event_handler.log_command:Invoking command in '/home/kim/HYPER_WS/build/cpp_pkg1': CMAKE_PREFIX_PATH=${CMAKE_PREFIX_PATH}:/opt/ros/jazzy /usr/bin/cmake --install /home/kim/HYPER_WS/build/cpp_pkg1
[1.460s] Level 1:colcon.colcon_core.environment:create_environment_scripts_only(cpp_pkg1)
[1.461s] DEBUG:colcon.colcon_core.event_handler.log_command:Invoked command in '/home/kim/HYPER_WS/build/cpp_pkg1' returned '0': CMAKE_PREFIX_PATH=${CMAKE_PREFIX_PATH}:/opt/ros/jazzy /usr/bin/cmake --install /home/kim/HYPER_WS/build/cpp_pkg1
[1.467s] Level 1:colcon.colcon_core.environment:checking '/home/kim/HYPER_WS/install/cpp_pkg1' for CMake module files
[1.468s] Level 1:colcon.colcon_core.environment:checking '/home/kim/HYPER_WS/install/cpp_pkg1' for CMake config files
[1.468s] Level 1:colcon.colcon_core.shell:create_environment_hook('cpp_pkg1', 'cmake_prefix_path')
[1.468s] INFO:colcon.colcon_core.shell:Creating environment hook '/home/kim/HYPER_WS/install/cpp_pkg1/share/cpp_pkg1/hook/cmake_prefix_path.ps1'
[1.470s] INFO:colcon.colcon_core.shell:Creating environment descriptor '/home/kim/HYPER_WS/install/cpp_pkg1/share/cpp_pkg1/hook/cmake_prefix_path.dsv'
[1.471s] INFO:colcon.colcon_core.shell:Creating environment hook '/home/kim/HYPER_WS/install/cpp_pkg1/share/cpp_pkg1/hook/cmake_prefix_path.sh'
[1.472s] Level 1:colcon.colcon_core.environment:checking '/home/kim/HYPER_WS/install/cpp_pkg1/lib'
[1.472s] Level 1:colcon.colcon_core.environment:checking '/home/kim/HYPER_WS/install/cpp_pkg1/bin'
[1.472s] Level 1:colcon.colcon_core.environment:checking '/home/kim/HYPER_WS/install/cpp_pkg1/lib/pkgconfig/cpp_pkg1.pc'
[1.472s] Level 1:colcon.colcon_core.environment:checking '/home/kim/HYPER_WS/install/cpp_pkg1/lib/python3.12/site-packages'
[1.472s] Level 1:colcon.colcon_core.environment:checking '/home/kim/HYPER_WS/install/cpp_pkg1/bin'
[1.473s] INFO:colcon.colcon_core.shell:Creating package script '/home/kim/HYPER_WS/install/cpp_pkg1/share/cpp_pkg1/package.ps1'
[1.474s] INFO:colcon.colcon_core.shell:Creating package descriptor '/home/kim/HYPER_WS/install/cpp_pkg1/share/cpp_pkg1/package.dsv'
[1.475s] INFO:colcon.colcon_core.shell:Creating package script '/home/kim/HYPER_WS/install/cpp_pkg1/share/cpp_pkg1/package.sh'
[1.475s] INFO:colcon.colcon_core.shell:Creating package script '/home/kim/HYPER_WS/install/cpp_pkg1/share/cpp_pkg1/package.bash'
[1.476s] INFO:colcon.colcon_core.shell:Creating package script '/home/kim/HYPER_WS/install/cpp_pkg1/share/cpp_pkg1/package.zsh'
[1.477s] Level 1:colcon.colcon_core.environment:create_file_with_runtime_dependencies(/home/kim/HYPER_WS/install/cpp_pkg1/share/colcon-core/packages/cpp_pkg1)
[1.478s] Level 1:colcon.colcon_core.environment:create_environment_scripts_only(cpp_pkg1)
[1.478s] Level 1:colcon.colcon_core.environment:checking '/home/kim/HYPER_WS/install/cpp_pkg1' for CMake module files
[1.478s] Level 1:colcon.colcon_core.environment:checking '/home/kim/HYPER_WS/install/cpp_pkg1' for CMake config files
[1.478s] Level 1:colcon.colcon_core.shell:create_environment_hook('cpp_pkg1', 'cmake_prefix_path')
[1.478s] INFO:colcon.colcon_core.shell:Creating environment hook '/home/kim/HYPER_WS/install/cpp_pkg1/share/cpp_pkg1/hook/cmake_prefix_path.ps1'
[1.479s] INFO:colcon.colcon_core.shell:Creating environment descriptor '/home/kim/HYPER_WS/install/cpp_pkg1/share/cpp_pkg1/hook/cmake_prefix_path.dsv'
[1.479s] INFO:colcon.colcon_core.shell:Creating environment hook '/home/kim/HYPER_WS/install/cpp_pkg1/share/cpp_pkg1/hook/cmake_prefix_path.sh'
[1.479s] Level 1:colcon.colcon_core.environment:checking '/home/kim/HYPER_WS/install/cpp_pkg1/lib'
[1.480s] Level 1:colcon.colcon_core.environment:checking '/home/kim/HYPER_WS/install/cpp_pkg1/bin'
[1.480s] Level 1:colcon.colcon_core.environment:checking '/home/kim/HYPER_WS/install/cpp_pkg1/lib/pkgconfig/cpp_pkg1.pc'
[1.480s] Level 1:colcon.colcon_core.environment:checking '/home/kim/HYPER_WS/install/cpp_pkg1/lib/python3.12/site-packages'
[1.480s] Level 1:colcon.colcon_core.environment:checking '/home/kim/HYPER_WS/install/cpp_pkg1/bin'
[1.480s] INFO:colcon.colcon_core.shell:Creating package script '/home/kim/HYPER_WS/install/cpp_pkg1/share/cpp_pkg1/package.ps1'
[1.481s] INFO:colcon.colcon_core.shell:Creating package descriptor '/home/kim/HYPER_WS/install/cpp_pkg1/share/cpp_pkg1/package.dsv'
[1.481s] INFO:colcon.colcon_core.shell:Creating package script '/home/kim/HYPER_WS/install/cpp_pkg1/share/cpp_pkg1/package.sh'
[1.481s] INFO:colcon.colcon_core.shell:Creating package script '/home/kim/HYPER_WS/install/cpp_pkg1/share/cpp_pkg1/package.bash'
[1.482s] INFO:colcon.colcon_core.shell:Creating package script '/home/kim/HYPER_WS/install/cpp_pkg1/share/cpp_pkg1/package.zsh'
[1.482s] Level 1:colcon.colcon_core.environment:create_file_with_runtime_dependencies(/home/kim/HYPER_WS/install/cpp_pkg1/share/colcon-core/packages/cpp_pkg1)
[1.482s] DEBUG:colcon.colcon_parallel_executor.executor.parallel:closing loop
[1.483s] DEBUG:colcon.colcon_parallel_executor.executor.parallel:loop closed
[1.483s] DEBUG:colcon.colcon_parallel_executor.executor.parallel:run_until_complete finished with '0'
[1.483s] DEBUG:colcon.colcon_core.event_reactor:joining thread
[1.509s] INFO:colcon.colcon_core.plugin_system:Skipping extension 'colcon_notification.desktop_notification.notify_send': Could not find 'notify-send'
[1.509s] INFO:colcon.colcon_core.plugin_system:Skipping extension 'colcon_notification.desktop_notification.terminal_notifier': Not used on non-Darwin systems
[1.509s] INFO:colcon.colcon_core.plugin_system:Skipping extension 'colcon_notification.desktop_notification.win32': Not used on non-Windows systems
[1.509s] INFO:colcon.colcon_notification.desktop_notification:Sending desktop notification using 'notify2'
[1.511s] DEBUG:colcon.colcon_notification.desktop_notification.notify2:Failed to initialize notify2: org.freedesktop.DBus.Error.ServiceUnknown: The name org.freedesktop.Notifications was not provided by any .service files
[1.511s] DEBUG:colcon.colcon_core.event_reactor:joined thread
[1.511s] INFO:colcon.colcon_core.shell:Creating prefix script '/home/kim/HYPER_WS/install/local_setup.ps1'
[1.513s] INFO:colcon.colcon_core.shell:Creating prefix util module '/home/kim/HYPER_WS/install/_local_setup_util_ps1.py'
[1.514s] INFO:colcon.colcon_core.shell:Creating prefix chain script '/home/kim/HYPER_WS/install/setup.ps1'
[1.515s] INFO:colcon.colcon_core.shell:Creating prefix script '/home/kim/HYPER_WS/install/local_setup.sh'
[1.515s] INFO:colcon.colcon_core.shell:Creating prefix util module '/home/kim/HYPER_WS/install/_local_setup_util_sh.py'
[1.516s] INFO:colcon.colcon_core.shell:Creating prefix chain script '/home/kim/HYPER_WS/install/setup.sh'
[1.517s] INFO:colcon.colcon_core.shell:Creating prefix script '/home/kim/HYPER_WS/install/local_setup.bash'
[1.517s] INFO:colcon.colcon_core.shell:Creating prefix chain script '/home/kim/HYPER_WS/install/setup.bash'
[1.518s] INFO:colcon.colcon_core.shell:Creating prefix script '/home/kim/HYPER_WS/install/local_setup.zsh'
[1.519s] INFO:colcon.colcon_core.shell:Creating prefix chain script '/home/kim/HYPER_WS/install/setup.zsh'
