running egg_info
creating ../../build/pyhello/pyhello.egg-info
writing ../../build/pyhello/pyhello.egg-info/PKG-INFO
writing dependency_links to ../../build/pyhello/pyhello.egg-info/dependency_links.txt
writing entry points to ../../build/pyhello/pyhello.egg-info/entry_points.txt
writing requirements to ../../build/pyhello/pyhello.egg-info/requires.txt
writing top-level names to ../../build/pyhello/pyhello.egg-info/top_level.txt
writing manifest file '../../build/pyhello/pyhello.egg-info/SOURCES.txt'
reading manifest file '../../build/pyhello/pyhello.egg-info/SOURCES.txt'
writing manifest file '../../build/pyhello/pyhello.egg-info/SOURCES.txt'
running build
running build_py
creating /home/kim/HYPER_WS/build/pyhello/build
creating /home/kim/HYPER_WS/build/pyhello/build/lib
creating /home/kim/HYPER_WS/build/pyhello/build/lib/pyhello
copying pyhello/__init__.py -> /home/kim/HYPER_WS/build/pyhello/build/lib/pyhello
copying pyhello/pypublisher.py -> /home/kim/HYPER_WS/build/pyhello/build/lib/pyhello
running install
running install_lib
creating /home/kim/HYPER_WS/install/pyhello/lib/python3.12/site-packages/pyhello
copying /home/kim/HYPER_WS/build/pyhello/build/lib/pyhello/__init__.py -> /home/kim/HYPER_WS/install/pyhello/lib/python3.12/site-packages/pyhello
copying /home/kim/HYPER_WS/build/pyhello/build/lib/pyhello/pypublisher.py -> /home/kim/HYPER_WS/install/pyhello/lib/python3.12/site-packages/pyhello
byte-compiling /home/kim/HYPER_WS/install/pyhello/lib/python3.12/site-packages/pyhello/__init__.py to __init__.cpython-312.pyc
byte-compiling /home/kim/HYPER_WS/install/pyhello/lib/python3.12/site-packages/pyhello/pypublisher.py to pypublisher.cpython-312.pyc
running install_data
creating /home/kim/HYPER_WS/install/pyhello/share/ament_index
creating /home/kim/HYPER_WS/install/pyhello/share/ament_index/resource_index
creating /home/kim/HYPER_WS/install/pyhello/share/ament_index/resource_index/packages
copying resource/pyhello -> /home/kim/HYPER_WS/install/pyhello/share/ament_index/resource_index/packages
copying package.xml -> /home/kim/HYPER_WS/install/pyhello/share/pyhello
running install_egg_info
Copying ../../build/pyhello/pyhello.egg-info to /home/kim/HYPER_WS/install/pyhello/lib/python3.12/site-packages/pyhello-0.0.0-py3.12.egg-info
running install_scripts
Installing py_publisher script to /home/kim/HYPER_WS/install/pyhello/lib/pyhello
writing list of installed files to '/home/kim/HYPER_WS/build/pyhello/install.log'
