[1.306s] Invoking command in '/home/kim/HYPER_WS/src/pyhello': PYTHONPATH=/home/kim/HYPER_WS/build/pyhello/prefix_override:/usr/lib/python3/dist-packages/colcon_core/task/python/colcon_distutils_commands:/home/kim/HYPER_WS/install/pyhello/lib/python3.12/site-packages:${PYTHONPATH} /usr/bin/python3 -W ignore:setup.py install is deprecated -W ignore:easy_install command is deprecated setup.py egg_info --egg-base ../../build/pyhello build --build-base /home/kim/HYPER_WS/build/pyhello/build install --record /home/kim/HYPER_WS/build/pyhello/install.log --single-version-externally-managed install_data
[1.581s] running egg_info
[1.582s] creating ../../build/pyhello/pyhello.egg-info
[1.603s] writing ../../build/pyhello/pyhello.egg-info/PKG-INFO
[1.603s] writing dependency_links to ../../build/pyhello/pyhello.egg-info/dependency_links.txt
[1.604s] writing entry points to ../../build/pyhello/pyhello.egg-info/entry_points.txt
[1.604s] writing requirements to ../../build/pyhello/pyhello.egg-info/requires.txt
[1.604s] writing top-level names to ../../build/pyhello/pyhello.egg-info/top_level.txt
[1.604s] writing manifest file '../../build/pyhello/pyhello.egg-info/SOURCES.txt'
[1.647s] reading manifest file '../../build/pyhello/pyhello.egg-info/SOURCES.txt'
[1.648s] writing manifest file '../../build/pyhello/pyhello.egg-info/SOURCES.txt'
[1.648s] running build
[1.649s] running build_py
[1.649s] creating /home/kim/HYPER_WS/build/pyhello/build
[1.649s] creating /home/kim/HYPER_WS/build/pyhello/build/lib
[1.649s] creating /home/kim/HYPER_WS/build/pyhello/build/lib/pyhello
[1.649s] copying pyhello/__init__.py -> /home/kim/HYPER_WS/build/pyhello/build/lib/pyhello
[1.650s] copying pyhello/pypublisher.py -> /home/kim/HYPER_WS/build/pyhello/build/lib/pyhello
[1.650s] running install
[1.657s] running install_lib
[1.678s] creating /home/kim/HYPER_WS/install/pyhello/lib/python3.12/site-packages/pyhello
[1.678s] copying /home/kim/HYPER_WS/build/pyhello/build/lib/pyhello/__init__.py -> /home/kim/HYPER_WS/install/pyhello/lib/python3.12/site-packages/pyhello
[1.678s] copying /home/kim/HYPER_WS/build/pyhello/build/lib/pyhello/pypublisher.py -> /home/kim/HYPER_WS/install/pyhello/lib/python3.12/site-packages/pyhello
[1.679s] byte-compiling /home/kim/HYPER_WS/install/pyhello/lib/python3.12/site-packages/pyhello/__init__.py to __init__.cpython-312.pyc
[1.679s] byte-compiling /home/kim/HYPER_WS/install/pyhello/lib/python3.12/site-packages/pyhello/pypublisher.py to pypublisher.cpython-312.pyc
[1.679s] running install_data
[1.680s] creating /home/kim/HYPER_WS/install/pyhello/share/ament_index
[1.680s] creating /home/kim/HYPER_WS/install/pyhello/share/ament_index/resource_index
[1.680s] creating /home/kim/HYPER_WS/install/pyhello/share/ament_index/resource_index/packages
[1.680s] copying resource/pyhello -> /home/kim/HYPER_WS/install/pyhello/share/ament_index/resource_index/packages
[1.681s] copying package.xml -> /home/kim/HYPER_WS/install/pyhello/share/pyhello
[1.681s] running install_egg_info
[1.703s] Copying ../../build/pyhello/pyhello.egg-info to /home/kim/HYPER_WS/install/pyhello/lib/python3.12/site-packages/pyhello-0.0.0-py3.12.egg-info
[1.704s] running install_scripts
[1.834s] Installing py_publisher script to /home/kim/HYPER_WS/install/pyhello/lib/pyhello
[1.835s] writing list of installed files to '/home/kim/HYPER_WS/build/pyhello/install.log'
[1.864s] Invoked command in '/home/kim/HYPER_WS/src/pyhello' returned '0': PYTHONPATH=/home/kim/HYPER_WS/build/pyhello/prefix_override:/usr/lib/python3/dist-packages/colcon_core/task/python/colcon_distutils_commands:/home/kim/HYPER_WS/install/pyhello/lib/python3.12/site-packages:${PYTHONPATH} /usr/bin/python3 -W ignore:setup.py install is deprecated -W ignore:easy_install command is deprecated setup.py egg_info --egg-base ../../build/pyhello build --build-base /home/kim/HYPER_WS/build/pyhello/build install --record /home/kim/HYPER_WS/build/pyhello/install.log --single-version-externally-managed install_data
