[0.026s] Invoking command in '/home/kim/HYPER_WS/build/cpp_pkg1': CMAKE_PREFIX_PATH=${CMAKE_PREFIX_PATH}:/opt/ros/jazzy /usr/bin/cmake --build /home/kim/HYPER_WS/build/cpp_pkg1 -- -j8 -l8
[0.098s] [100%] Built target cpp_node1
[0.334s] Invoked command in '/home/kim/HYPER_WS/build/cpp_pkg1' returned '0': CMAKE_PREFIX_PATH=${CMAKE_PREFIX_PATH}:/opt/ros/jazzy /usr/bin/cmake --build /home/kim/HYPER_WS/build/cpp_pkg1 -- -j8 -l8
[0.346s] Invoking command in '/home/kim/HYPER_WS/build/cpp_pkg1': CMAKE_PREFIX_PATH=${CMAKE_PREFIX_PATH}:/opt/ros/jazzy /usr/bin/cmake --install /home/kim/HYPER_WS/build/cpp_pkg1
[0.354s] -- Install configuration: ""
[0.355s] -- Up-to-date: /home/kim/HYPER_WS/install/cpp_pkg1/lib/cpp_pkg1/cpp_node1
[0.355s] -- Up-to-date: /home/kim/HYPER_WS/install/cpp_pkg1/share/ament_index/resource_index/package_run_dependencies/cpp_pkg1
[0.355s] -- Up-to-date: /home/kim/HYPER_WS/install/cpp_pkg1/share/ament_index/resource_index/parent_prefix_path/cpp_pkg1
[0.355s] -- Up-to-date: /home/kim/HYPER_WS/install/cpp_pkg1/share/cpp_pkg1/environment/ament_prefix_path.sh
[0.355s] -- Up-to-date: /home/kim/HYPER_WS/install/cpp_pkg1/share/cpp_pkg1/environment/ament_prefix_path.dsv
[0.356s] -- Up-to-date: /home/kim/HYPER_WS/install/cpp_pkg1/share/cpp_pkg1/environment/path.sh
[0.356s] -- Up-to-date: /home/kim/HYPER_WS/install/cpp_pkg1/share/cpp_pkg1/environment/path.dsv
[0.356s] -- Up-to-date: /home/kim/HYPER_WS/install/cpp_pkg1/share/cpp_pkg1/local_setup.bash
[0.356s] -- Up-to-date: /home/kim/HYPER_WS/install/cpp_pkg1/share/cpp_pkg1/local_setup.sh
[0.356s] -- Up-to-date: /home/kim/HYPER_WS/install/cpp_pkg1/share/cpp_pkg1/local_setup.zsh
[0.357s] -- Up-to-date: /home/kim/HYPER_WS/install/cpp_pkg1/share/cpp_pkg1/local_setup.dsv
[0.357s] -- Installing: /home/kim/HYPER_WS/install/cpp_pkg1/share/cpp_pkg1/package.dsv
[0.357s] -- Up-to-date: /home/kim/HYPER_WS/install/cpp_pkg1/share/ament_index/resource_index/packages/cpp_pkg1
[0.357s] -- Up-to-date: /home/kim/HYPER_WS/install/cpp_pkg1/share/cpp_pkg1/cmake/cpp_pkg1Config.cmake
[0.357s] -- Up-to-date: /home/kim/HYPER_WS/install/cpp_pkg1/share/cpp_pkg1/cmake/cpp_pkg1Config-version.cmake
[0.358s] -- Up-to-date: /home/kim/HYPER_WS/install/cpp_pkg1/share/cpp_pkg1/package.xml
[0.359s] Invoked command in '/home/kim/HYPER_WS/build/cpp_pkg1' returned '0': CMAKE_PREFIX_PATH=${CMAKE_PREFIX_PATH}:/opt/ros/jazzy /usr/bin/cmake --install /home/kim/HYPER_WS/build/cpp_pkg1
