[1.064s] Invoking command in '/home/kim/HYPER_WS/src/pyhello': PYTHONPATH=/home/kim/HYPER_WS/build/pyhello/prefix_override:/usr/lib/python3/dist-packages/colcon_core/task/python/colcon_distutils_commands:/home/kim/HYPER_WS/install/pyhello/lib/python3.12/site-packages:${PYTHONPATH} /usr/bin/python3 -W ignore:setup.py install is deprecated -W ignore:easy_install command is deprecated setup.py egg_info --egg-base ../../build/pyhello build --build-base /home/kim/HYPER_WS/build/pyhello/build install --record /home/kim/HYPER_WS/build/pyhello/install.log --single-version-externally-managed install_data
[1.444s] running egg_info
[1.471s] writing ../../build/pyhello/pyhello.egg-info/PKG-INFO
[1.472s] writing dependency_links to ../../build/pyhello/pyhello.egg-info/dependency_links.txt
[1.472s] writing entry points to ../../build/pyhello/pyhello.egg-info/entry_points.txt
[1.472s] writing requirements to ../../build/pyhello/pyhello.egg-info/requires.txt
[1.473s] writing top-level names to ../../build/pyhello/pyhello.egg-info/top_level.txt
[1.531s] reading manifest file '../../build/pyhello/pyhello.egg-info/SOURCES.txt'
[1.533s] writing manifest file '../../build/pyhello/pyhello.egg-info/SOURCES.txt'
[1.533s] running build
[1.533s] running build_py
[1.534s] running install
[1.545s] running install_lib
[1.588s] running install_data
[1.588s] running install_egg_info
[1.619s] removing '/home/kim/HYPER_WS/install/pyhello/lib/python3.12/site-packages/pyhello-0.0.0-py3.12.egg-info' (and everything under it)
[1.620s] Copying ../../build/pyhello/pyhello.egg-info to /home/kim/HYPER_WS/install/pyhello/lib/python3.12/site-packages/pyhello-0.0.0-py3.12.egg-info
[1.622s] running install_scripts
[1.772s] Installing py_publisher script to /home/kim/HYPER_WS/install/pyhello/lib/pyhello
[1.772s] writing list of installed files to '/home/kim/HYPER_WS/build/pyhello/install.log'
[1.817s] Invoked command in '/home/kim/HYPER_WS/src/pyhello' returned '0': PYTHONPATH=/home/kim/HYPER_WS/build/pyhello/prefix_override:/usr/lib/python3/dist-packages/colcon_core/task/python/colcon_distutils_commands:/home/kim/HYPER_WS/install/pyhello/lib/python3.12/site-packages:${PYTHONPATH} /usr/bin/python3 -W ignore:setup.py install is deprecated -W ignore:easy_install command is deprecated setup.py egg_info --egg-base ../../build/pyhello build --build-base /home/kim/HYPER_WS/build/pyhello/build install --record /home/kim/HYPER_WS/build/pyhello/install.log --single-version-externally-managed install_data
