[0.021s] Invoking command in '/home/kim/HYPER_WS/build/cpp_pkg1': CMAKE_PREFIX_PATH=${CMAKE_PREFIX_PATH}:/opt/ros/jazzy /usr/bin/cmake /home/kim/HYPER_WS/src/cpp_pkg1 -DCMAKE_INSTALL_PREFIX=/home/kim/HYPER_WS/install/cpp_pkg1
[0.536s] -- The C compiler identification is GNU 13.3.0
[1.345s] -- The CXX compiler identification is GNU 13.3.0
[2.030s] -- Detecting C compiler ABI info
[2.282s] -- Detecting C compiler ABI info - done
[2.291s] -- Check for working C compiler: /usr/bin/cc - skipped
[2.299s] -- Detecting C compile features
[2.301s] -- Detecting C compile features - done
[2.408s] -- Detecting CXX compiler ABI info
[2.726s] -- Detecting CXX compiler ABI info - done
[2.735s] -- Check for working CXX compiler: /usr/bin/c++ - skipped
[2.736s] -- Detecting CXX compile features
[2.737s] -- Detecting CXX compile features - done
[2.755s] -- Found ament_cmake: 2.5.5 (/opt/ros/jazzy/share/ament_cmake/cmake)
[2.926s] -- Found Python3: /usr/bin/python3 (found version "3.12.3") found components: Interpreter 
[3.091s] -- Found rclcpp: 28.1.16 (/opt/ros/jazzy/share/rclcpp/cmake)
[3.308s] -- Found rosidl_generator_c: 4.6.7 (/opt/ros/jazzy/share/rosidl_generator_c/cmake)
[3.331s] -- Found rosidl_generator_cpp: 4.6.7 (/opt/ros/jazzy/share/rosidl_generator_cpp/cmake)
[3.369s] -- Using all available rosidl_typesupport_c: rosidl_typesupport_fastrtps_c;rosidl_typesupport_introspection_c
[3.412s] -- Using all available rosidl_typesupport_cpp: rosidl_typesupport_fastrtps_cpp;rosidl_typesupport_introspection_cpp
[3.569s] -- Found rmw_implementation_cmake: 7.3.3 (/opt/ros/jazzy/share/rmw_implementation_cmake/cmake)
[3.576s] -- Found rmw_fastrtps_cpp: 8.4.3 (/opt/ros/jazzy/share/rmw_fastrtps_cpp/cmake)
[3.703s] -- Found OpenSSL: /usr/lib/x86_64-linux-gnu/libcrypto.so (found version "3.0.13")  
[3.897s] -- Found FastRTPS: /opt/ros/jazzy/include (Required is at least version "2.13") 
[3.986s] -- Using RMW implementation 'rmw_fastrtps_cpp' as default
[4.215s] -- Found std_msgs: 5.3.6 (/opt/ros/jazzy/share/std_msgs/cmake)
[4.251s] -- Found ament_lint_auto: 0.17.4 (/opt/ros/jazzy/share/ament_lint_auto/cmake)
[4.440s] -- Added test 'cppcheck' to perform static code analysis on C / C++ code
[4.440s] -- Configured cppcheck include dirs: 
[4.440s] -- Configured cppcheck exclude dirs and/or files: 
[4.443s] -- Added test 'flake8' to check Python code syntax and style conventions
[4.444s] -- Configured 'flake8' exclude dirs and/or files: 
[4.447s] -- Added test 'lint_cmake' to check CMake code style
[4.449s] -- Added test 'pep257' to check Python code against some of the docstring style conventions in PEP 257
[4.452s] -- Added test 'uncrustify' to check C / C++ code style
[4.452s] -- Configured uncrustify additional arguments: 
[4.455s] -- Added test 'xmllint' to check XML markup files
[4.460s] -- Configuring done (4.3s)
[4.469s] -- Generating done (0.0s)
[4.474s] -- Build files have been written to: /home/kim/HYPER_WS/build/cpp_pkg1
[4.484s] Invoked command in '/home/kim/HYPER_WS/build/cpp_pkg1' returned '0': CMAKE_PREFIX_PATH=${CMAKE_PREFIX_PATH}:/opt/ros/jazzy /usr/bin/cmake /home/kim/HYPER_WS/src/cpp_pkg1 -DCMAKE_INSTALL_PREFIX=/home/kim/HYPER_WS/install/cpp_pkg1
[4.486s] Invoking command in '/home/kim/HYPER_WS/build/cpp_pkg1': CMAKE_PREFIX_PATH=${CMAKE_PREFIX_PATH}:/opt/ros/jazzy /usr/bin/cmake --build /home/kim/HYPER_WS/build/cpp_pkg1 -- -j8 -l8
[4.545s] [ 50%] [32mBuilding CXX object CMakeFiles/cpp_node1.dir/src/cpp_node1.cpp.o[0m
[4.554s] [01m[K/home/kim/HYPER_WS/src/cpp_pkg1/src/cpp_node1.cpp:1:10:[m[K [01;31m[Kfatal error: [m[Krclcpp/rclcpp.hpp: No such file or directory
[4.555s]     1 | #include [01;31m[K"rclcpp/rclcpp.hpp"[m[K
[4.555s]       |          [01;31m[K^~~~~~~~~~~~~~~~~~~[m[K
[4.555s] compilation terminated.
[4.556s] gmake[2]: *** [CMakeFiles/cpp_node1.dir/build.make:76: CMakeFiles/cpp_node1.dir/src/cpp_node1.cpp.o] Error 1
[4.556s] gmake[1]: *** [CMakeFiles/Makefile2:137: CMakeFiles/cpp_node1.dir/all] Error 2
[4.556s] gmake: *** [Makefile:146: all] Error 2
[4.559s] Invoked command in '/home/kim/HYPER_WS/build/cpp_pkg1' returned '2': CMAKE_PREFIX_PATH=${CMAKE_PREFIX_PATH}:/opt/ros/jazzy /usr/bin/cmake --build /home/kim/HYPER_WS/build/cpp_pkg1 -- -j8 -l8
