[0.145s] DEBUG:colcon:Command line arguments: ['/usr/bin/colcon', 'build']
[0.145s] DEBUG:colcon:Parsed command line arguments: Namespace(log_base=None, log_level=None, verb_name='build', build_base='build', install_base='install', merge_install=False, symlink_install=False, test_result_base=None, continue_on_error=False, executor='parallel', parallel_workers=8, event_handlers=None, ignore_user_meta=False, metas=['./colcon.meta'], base_paths=['.'], packages_ignore=None, packages_ignore_regex=None, paths=None, packages_up_to=None, packages_up_to_regex=None, packages_above=None, packages_above_and_dependencies=None, packages_above_depth=None, packages_select_by_dep=None, packages_skip_by_dep=None, packages_skip_up_to=None, packages_select_build_failed=False, packages_skip_build_finished=False, packages_select_test_failures=False, packages_skip_test_passed=False, packages_select=None, packages_skip=None, packages_select_regex=None, packages_skip_regex=None, packages_start=None, packages_end=None, allow_overriding=[], cmake_args=None, cmake_target=None, cmake_target_skip_unavailable=False, cmake_clean_cache=False, cmake_clean_first=False, cmake_force_configure=False, ament_cmake_args=None, catkin_cmake_args=None, catkin_skip_building_tests=False, mixin_files=None, mixin=None, verb_parser=<colcon_mixin.mixin.mixin_argument.MixinArgumentDecorator object at 0x7444a7f80ce0>, verb_extension=<colcon_core.verb.build.BuildVerb object at 0x7444a7f80980>, main=<bound method BuildVerb.main of <colcon_core.verb.build.BuildVerb object at 0x7444a7f80980>>, mixin_verb=('build',))
[0.181s] Level 1:colcon.colcon_core.package_discovery:discover_packages(colcon_meta) check parameters
[0.181s] Level 1:colcon.colcon_core.package_discovery:discover_packages(recursive) check parameters
[0.181s] Level 1:colcon.colcon_core.package_discovery:discover_packages(ignore) check parameters
[0.181s] Level 1:colcon.colcon_core.package_discovery:discover_packages(path) check parameters
[0.182s] Level 1:colcon.colcon_core.package_discovery:discover_packages(colcon_meta) discover
[0.182s] Level 1:colcon.colcon_core.package_discovery:discover_packages(recursive) discover
[0.182s] INFO:colcon.colcon_core.package_discovery:Crawling recursively for packages in '/home/kim/HYPER_WS'
[0.182s] Level 1:colcon.colcon_core.package_identification:_identify(.) by extensions ['ignore', 'ignore_ament_install']
[0.182s] Level 1:colcon.colcon_core.package_identification:_identify(.) by extension 'ignore'
[0.182s] Level 1:colcon.colcon_core.package_identification:_identify(.) by extension 'ignore_ament_install'
[0.182s] Level 1:colcon.colcon_core.package_identification:_identify(.) by extensions ['colcon_pkg']
[0.182s] Level 1:colcon.colcon_core.package_identification:_identify(.) by extension 'colcon_pkg'
[0.182s] Level 1:colcon.colcon_core.package_identification:_identify(.) by extensions ['colcon_meta']
[0.182s] Level 1:colcon.colcon_core.package_identification:_identify(.) by extension 'colcon_meta'
[0.182s] Level 1:colcon.colcon_core.package_identification:_identify(.) by extensions ['ros']
[0.182s] Level 1:colcon.colcon_core.package_identification:_identify(.) by extension 'ros'
[0.208s] Level 1:colcon.colcon_core.package_identification:_identify(.) by extensions ['cmake', 'python']
[0.208s] Level 1:colcon.colcon_core.package_identification:_identify(.) by extension 'cmake'
[0.208s] Level 1:colcon.colcon_core.package_identification:_identify(.) by extension 'python'
[0.208s] Level 1:colcon.colcon_core.package_identification:_identify(.) by extensions ['python_setup_py']
[0.208s] Level 1:colcon.colcon_core.package_identification:_identify(.) by extension 'python_setup_py'
[0.208s] Level 1:colcon.colcon_core.package_identification:_identify(build) by extensions ['ignore', 'ignore_ament_install']
[0.208s] Level 1:colcon.colcon_core.package_identification:_identify(build) by extension 'ignore'
[0.208s] Level 1:colcon.colcon_core.package_identification:_identify(build) ignored
[0.208s] Level 1:colcon.colcon_core.package_identification:_identify(install) by extensions ['ignore', 'ignore_ament_install']
[0.208s] Level 1:colcon.colcon_core.package_identification:_identify(install) by extension 'ignore'
[0.209s] Level 1:colcon.colcon_core.package_identification:_identify(install) ignored
[0.209s] Level 1:colcon.colcon_core.package_identification:_identify(log) by extensions ['ignore', 'ignore_ament_install']
[0.209s] Level 1:colcon.colcon_core.package_identification:_identify(log) by extension 'ignore'
[0.209s] Level 1:colcon.colcon_core.package_identification:_identify(log) ignored
[0.209s] Level 1:colcon.colcon_core.package_identification:_identify(src) by extensions ['ignore', 'ignore_ament_install']
[0.209s] Level 1:colcon.colcon_core.package_identification:_identify(src) by extension 'ignore'
[0.209s] Level 1:colcon.colcon_core.package_identification:_identify(src) by extension 'ignore_ament_install'
[0.209s] Level 1:colcon.colcon_core.package_identification:_identify(src) by extensions ['colcon_pkg']
[0.209s] Level 1:colcon.colcon_core.package_identification:_identify(src) by extension 'colcon_pkg'
[0.209s] Level 1:colcon.colcon_core.package_identification:_identify(src) by extensions ['colcon_meta']
[0.209s] Level 1:colcon.colcon_core.package_identification:_identify(src) by extension 'colcon_meta'
[0.209s] Level 1:colcon.colcon_core.package_identification:_identify(src) by extensions ['ros']
[0.209s] Level 1:colcon.colcon_core.package_identification:_identify(src) by extension 'ros'
[0.209s] Level 1:colcon.colcon_core.package_identification:_identify(src) by extensions ['cmake', 'python']
[0.209s] Level 1:colcon.colcon_core.package_identification:_identify(src) by extension 'cmake'
[0.209s] Level 1:colcon.colcon_core.package_identification:_identify(src) by extension 'python'
[0.209s] Level 1:colcon.colcon_core.package_identification:_identify(src) by extensions ['python_setup_py']
[0.209s] Level 1:colcon.colcon_core.package_identification:_identify(src) by extension 'python_setup_py'
[0.209s] Level 1:colcon.colcon_core.package_identification:_identify(src/cpp_pkg1) by extensions ['ignore', 'ignore_ament_install']
[0.209s] Level 1:colcon.colcon_core.package_identification:_identify(src/cpp_pkg1) by extension 'ignore'
[0.210s] Level 1:colcon.colcon_core.package_identification:_identify(src/cpp_pkg1) by extension 'ignore_ament_install'
[0.210s] Level 1:colcon.colcon_core.package_identification:_identify(src/cpp_pkg1) by extensions ['colcon_pkg']
[0.210s] Level 1:colcon.colcon_core.package_identification:_identify(src/cpp_pkg1) by extension 'colcon_pkg'
[0.210s] Level 1:colcon.colcon_core.package_identification:_identify(src/cpp_pkg1) by extensions ['colcon_meta']
[0.210s] Level 1:colcon.colcon_core.package_identification:_identify(src/cpp_pkg1) by extension 'colcon_meta'
[0.210s] Level 1:colcon.colcon_core.package_identification:_identify(src/cpp_pkg1) by extensions ['ros']
[0.210s] Level 1:colcon.colcon_core.package_identification:_identify(src/cpp_pkg1) by extension 'ros'
[0.212s] DEBUG:colcon.colcon_core.package_identification:Package 'src/cpp_pkg1' with type 'ros.ament_cmake' and name 'cpp_pkg1'
[0.212s] Level 1:colcon.colcon_core.package_identification:_identify(src/cpphello) by extensions ['ignore', 'ignore_ament_install']
[0.212s] Level 1:colcon.colcon_core.package_identification:_identify(src/cpphello) by extension 'ignore'
[0.212s] Level 1:colcon.colcon_core.package_identification:_identify(src/cpphello) by extension 'ignore_ament_install'
[0.212s] Level 1:colcon.colcon_core.package_identification:_identify(src/cpphello) by extensions ['colcon_pkg']
[0.212s] Level 1:colcon.colcon_core.package_identification:_identify(src/cpphello) by extension 'colcon_pkg'
[0.212s] Level 1:colcon.colcon_core.package_identification:_identify(src/cpphello) by extensions ['colcon_meta']
[0.212s] Level 1:colcon.colcon_core.package_identification:_identify(src/cpphello) by extension 'colcon_meta'
[0.212s] Level 1:colcon.colcon_core.package_identification:_identify(src/cpphello) by extensions ['ros']
[0.212s] Level 1:colcon.colcon_core.package_identification:_identify(src/cpphello) by extension 'ros'
[0.213s] DEBUG:colcon.colcon_core.package_identification:Package 'src/cpphello' with type 'ros.ament_cmake' and name 'cpphello'
[0.213s] Level 1:colcon.colcon_core.package_identification:_identify(src/py_pkg1) by extensions ['ignore', 'ignore_ament_install']
[0.213s] Level 1:colcon.colcon_core.package_identification:_identify(src/py_pkg1) by extension 'ignore'
[0.213s] Level 1:colcon.colcon_core.package_identification:_identify(src/py_pkg1) by extension 'ignore_ament_install'
[0.213s] Level 1:colcon.colcon_core.package_identification:_identify(src/py_pkg1) by extensions ['colcon_pkg']
[0.213s] Level 1:colcon.colcon_core.package_identification:_identify(src/py_pkg1) by extension 'colcon_pkg'
[0.213s] Level 1:colcon.colcon_core.package_identification:_identify(src/py_pkg1) by extensions ['colcon_meta']
[0.213s] Level 1:colcon.colcon_core.package_identification:_identify(src/py_pkg1) by extension 'colcon_meta'
[0.213s] Level 1:colcon.colcon_core.package_identification:_identify(src/py_pkg1) by extensions ['ros']
[0.213s] Level 1:colcon.colcon_core.package_identification:_identify(src/py_pkg1) by extension 'ros'
[0.213s] Level 1:colcon.colcon_core.package_identification:_identify(src/py_pkg1) by extensions ['cmake', 'python']
[0.213s] Level 1:colcon.colcon_core.package_identification:_identify(src/py_pkg1) by extension 'cmake'
[0.213s] Level 1:colcon.colcon_core.package_identification:_identify(src/py_pkg1) by extension 'python'
[0.213s] Level 1:colcon.colcon_core.package_identification:_identify(src/py_pkg1) by extensions ['python_setup_py']
[0.213s] Level 1:colcon.colcon_core.package_identification:_identify(src/py_pkg1) by extension 'python_setup_py'
[0.213s] Level 1:colcon.colcon_core.package_identification:_identify(src/pyhello) by extensions ['ignore', 'ignore_ament_install']
[0.214s] Level 1:colcon.colcon_core.package_identification:_identify(src/pyhello) by extension 'ignore'
[0.214s] Level 1:colcon.colcon_core.package_identification:_identify(src/pyhello) by extension 'ignore_ament_install'
[0.214s] Level 1:colcon.colcon_core.package_identification:_identify(src/pyhello) by extensions ['colcon_pkg']
[0.214s] Level 1:colcon.colcon_core.package_identification:_identify(src/pyhello) by extension 'colcon_pkg'
[0.214s] Level 1:colcon.colcon_core.package_identification:_identify(src/pyhello) by extensions ['colcon_meta']
[0.214s] Level 1:colcon.colcon_core.package_identification:_identify(src/pyhello) by extension 'colcon_meta'
[0.214s] Level 1:colcon.colcon_core.package_identification:_identify(src/pyhello) by extensions ['ros']
[0.214s] Level 1:colcon.colcon_core.package_identification:_identify(src/pyhello) by extension 'ros'
[0.214s] DEBUG:colcon.colcon_core.package_identification:Package 'src/pyhello' with type 'ros.ament_python' and name 'pyhello'
[0.214s] Level 1:colcon.colcon_core.package_discovery:discover_packages(recursive) using defaults
[0.214s] Level 1:colcon.colcon_core.package_discovery:discover_packages(ignore) discover
[0.214s] Level 1:colcon.colcon_core.package_discovery:discover_packages(ignore) using defaults
[0.214s] Level 1:colcon.colcon_core.package_discovery:discover_packages(path) discover
[0.214s] Level 1:colcon.colcon_core.package_discovery:discover_packages(path) using defaults
[0.231s] Level 1:colcon.colcon_core.package_discovery:discover_packages(prefix_path) check parameters
[0.231s] Level 1:colcon.colcon_core.package_discovery:discover_packages(prefix_path) discover
[0.233s] DEBUG:colcon.colcon_installed_package_information.package_discovery:Found 3 installed packages in /home/kim/HYPER_WS/install
[0.234s] DEBUG:colcon.colcon_installed_package_information.package_discovery:Found 286 installed packages in /opt/ros/jazzy
[0.235s] Level 1:colcon.colcon_core.package_discovery:discover_packages(prefix_path) using defaults
[0.270s] Level 5:colcon.colcon_core.verb:set package 'cpp_pkg1' build argument 'cmake_args' from command line to 'None'
[0.270s] Level 5:colcon.colcon_core.verb:set package 'cpp_pkg1' build argument 'cmake_target' from command line to 'None'
[0.270s] Level 5:colcon.colcon_core.verb:set package 'cpp_pkg1' build argument 'cmake_target_skip_unavailable' from command line to 'False'
[0.270s] Level 5:colcon.colcon_core.verb:set package 'cpp_pkg1' build argument 'cmake_clean_cache' from command line to 'False'
[0.270s] Level 5:colcon.colcon_core.verb:set package 'cpp_pkg1' build argument 'cmake_clean_first' from command line to 'False'
[0.270s] Level 5:colcon.colcon_core.verb:set package 'cpp_pkg1' build argument 'cmake_force_configure' from command line to 'False'
[0.271s] Level 5:colcon.colcon_core.verb:set package 'cpp_pkg1' build argument 'ament_cmake_args' from command line to 'None'
[0.271s] Level 5:colcon.colcon_core.verb:set package 'cpp_pkg1' build argument 'catkin_cmake_args' from command line to 'None'
[0.271s] Level 5:colcon.colcon_core.verb:set package 'cpp_pkg1' build argument 'catkin_skip_building_tests' from command line to 'False'
[0.271s] DEBUG:colcon.colcon_core.verb:Building package 'cpp_pkg1' with the following arguments: {'ament_cmake_args': None, 'build_base': '/home/kim/HYPER_WS/build/cpp_pkg1', 'catkin_cmake_args': None, 'catkin_skip_building_tests': False, 'cmake_args': None, 'cmake_clean_cache': False, 'cmake_clean_first': False, 'cmake_force_configure': False, 'cmake_target': None, 'cmake_target_skip_unavailable': False, 'install_base': '/home/kim/HYPER_WS/install/cpp_pkg1', 'merge_install': False, 'path': '/home/kim/HYPER_WS/src/cpp_pkg1', 'symlink_install': False, 'test_result_base': None}
[0.271s] Level 5:colcon.colcon_core.verb:set package 'cpphello' build argument 'cmake_args' from command line to 'None'
[0.271s] Level 5:colcon.colcon_core.verb:set package 'cpphello' build argument 'cmake_target' from command line to 'None'
[0.271s] Level 5:colcon.colcon_core.verb:set package 'cpphello' build argument 'cmake_target_skip_unavailable' from command line to 'False'
[0.271s] Level 5:colcon.colcon_core.verb:set package 'cpphello' build argument 'cmake_clean_cache' from command line to 'False'
[0.271s] Level 5:colcon.colcon_core.verb:set package 'cpphello' build argument 'cmake_clean_first' from command line to 'False'
[0.271s] Level 5:colcon.colcon_core.verb:set package 'cpphello' build argument 'cmake_force_configure' from command line to 'False'
[0.271s] Level 5:colcon.colcon_core.verb:set package 'cpphello' build argument 'ament_cmake_args' from command line to 'None'
[0.271s] Level 5:colcon.colcon_core.verb:set package 'cpphello' build argument 'catkin_cmake_args' from command line to 'None'
[0.271s] Level 5:colcon.colcon_core.verb:set package 'cpphello' build argument 'catkin_skip_building_tests' from command line to 'False'
[0.271s] DEBUG:colcon.colcon_core.verb:Building package 'cpphello' with the following arguments: {'ament_cmake_args': None, 'build_base': '/home/kim/HYPER_WS/build/cpphello', 'catkin_cmake_args': None, 'catkin_skip_building_tests': False, 'cmake_args': None, 'cmake_clean_cache': False, 'cmake_clean_first': False, 'cmake_force_configure': False, 'cmake_target': None, 'cmake_target_skip_unavailable': False, 'install_base': '/home/kim/HYPER_WS/install/cpphello', 'merge_install': False, 'path': '/home/kim/HYPER_WS/src/cpphello', 'symlink_install': False, 'test_result_base': None}
[0.271s] Level 5:colcon.colcon_core.verb:set package 'pyhello' build argument 'cmake_args' from command line to 'None'
[0.271s] Level 5:colcon.colcon_core.verb:set package 'pyhello' build argument 'cmake_target' from command line to 'None'
[0.271s] Level 5:colcon.colcon_core.verb:set package 'pyhello' build argument 'cmake_target_skip_unavailable' from command line to 'False'
[0.271s] Level 5:colcon.colcon_core.verb:set package 'pyhello' build argument 'cmake_clean_cache' from command line to 'False'
[0.271s] Level 5:colcon.colcon_core.verb:set package 'pyhello' build argument 'cmake_clean_first' from command line to 'False'
[0.271s] Level 5:colcon.colcon_core.verb:set package 'pyhello' build argument 'cmake_force_configure' from command line to 'False'
[0.271s] Level 5:colcon.colcon_core.verb:set package 'pyhello' build argument 'ament_cmake_args' from command line to 'None'
[0.272s] Level 5:colcon.colcon_core.verb:set package 'pyhello' build argument 'catkin_cmake_args' from command line to 'None'
[0.272s] Level 5:colcon.colcon_core.verb:set package 'pyhello' build argument 'catkin_skip_building_tests' from command line to 'False'
[0.272s] DEBUG:colcon.colcon_core.verb:Building package 'pyhello' with the following arguments: {'ament_cmake_args': None, 'build_base': '/home/kim/HYPER_WS/build/pyhello', 'catkin_cmake_args': None, 'catkin_skip_building_tests': False, 'cmake_args': None, 'cmake_clean_cache': False, 'cmake_clean_first': False, 'cmake_force_configure': False, 'cmake_target': None, 'cmake_target_skip_unavailable': False, 'install_base': '/home/kim/HYPER_WS/install/pyhello', 'merge_install': False, 'path': '/home/kim/HYPER_WS/src/pyhello', 'symlink_install': False, 'test_result_base': None}
[0.272s] INFO:colcon.colcon_core.executor:Executing jobs using 'parallel' executor
[0.273s] DEBUG:colcon.colcon_parallel_executor.executor.parallel:run_until_complete
[0.273s] INFO:colcon.colcon_ros.task.ament_cmake.build:Building ROS package in '/home/kim/HYPER_WS/src/cpp_pkg1' with build type 'ament_cmake'
[0.273s] INFO:colcon.colcon_cmake.task.cmake.build:Building CMake package in '/home/kim/HYPER_WS/src/cpp_pkg1'
[0.275s] INFO:colcon.colcon_core.plugin_system:Skipping extension 'colcon_core.shell.bat': Not used on non-Windows systems
[0.275s] INFO:colcon.colcon_core.shell:Skip shell extension 'powershell' for command environment: Not usable outside of PowerShell
[0.275s] DEBUG:colcon.colcon_core.shell:Skip shell extension 'dsv' for command environment
[0.283s] INFO:colcon.colcon_ros.task.ament_cmake.build:Building ROS package in '/home/kim/HYPER_WS/src/cpphello' with build type 'ament_cmake'
[0.283s] INFO:colcon.colcon_cmake.task.cmake.build:Building CMake package in '/home/kim/HYPER_WS/src/cpphello'
[0.284s] INFO:colcon.colcon_core.shell:Skip shell extension 'powershell' for command environment: Not usable outside of PowerShell
[0.284s] DEBUG:colcon.colcon_core.shell:Skip shell extension 'dsv' for command environment
[0.288s] INFO:colcon.colcon_ros.task.ament_python.build:Building ROS package in '/home/kim/HYPER_WS/src/pyhello' with build type 'ament_python'
[0.288s] Level 1:colcon.colcon_core.shell:create_environment_hook('pyhello', 'ament_prefix_path')
[0.288s] INFO:colcon.colcon_core.shell:Creating environment hook '/home/kim/HYPER_WS/install/pyhello/share/pyhello/hook/ament_prefix_path.ps1'
[0.289s] INFO:colcon.colcon_core.shell:Creating environment descriptor '/home/kim/HYPER_WS/install/pyhello/share/pyhello/hook/ament_prefix_path.dsv'
[0.290s] INFO:colcon.colcon_core.shell:Creating environment hook '/home/kim/HYPER_WS/install/pyhello/share/pyhello/hook/ament_prefix_path.sh'
[0.290s] INFO:colcon.colcon_core.shell:Skip shell extension 'powershell' for command environment: Not usable outside of PowerShell
[0.290s] DEBUG:colcon.colcon_core.shell:Skip shell extension 'dsv' for command environment
[0.300s] DEBUG:colcon.colcon_core.event_handler.log_command:Invoking command in '/home/kim/HYPER_WS/build/cpp_pkg1': CMAKE_PREFIX_PATH=${CMAKE_PREFIX_PATH}:/opt/ros/jazzy /usr/bin/cmake --build /home/kim/HYPER_WS/build/cpp_pkg1 -- -j8 -l8
[0.307s] DEBUG:colcon.colcon_core.event_handler.log_command:Invoking command in '/home/kim/HYPER_WS/build/cpphello': CMAKE_PREFIX_PATH=${CMAKE_PREFIX_PATH}:/opt/ros/jazzy /usr/bin/cmake --build /home/kim/HYPER_WS/build/cpphello -- -j8 -l8
[0.597s] INFO:colcon.colcon_core.task.python.build:Building Python package in '/home/kim/HYPER_WS/src/pyhello'
[0.597s] INFO:colcon.colcon_core.shell:Skip shell extension 'powershell' for command environment: Not usable outside of PowerShell
[0.598s] DEBUG:colcon.colcon_core.shell:Skip shell extension 'dsv' for command environment
[0.608s] DEBUG:colcon.colcon_core.event_handler.log_command:Invoked command in '/home/kim/HYPER_WS/build/cpp_pkg1' returned '0': CMAKE_PREFIX_PATH=${CMAKE_PREFIX_PATH}:/opt/ros/jazzy /usr/bin/cmake --build /home/kim/HYPER_WS/build/cpp_pkg1 -- -j8 -l8
[0.620s] DEBUG:colcon.colcon_core.event_handler.log_command:Invoking command in '/home/kim/HYPER_WS/build/cpp_pkg1': CMAKE_PREFIX_PATH=${CMAKE_PREFIX_PATH}:/opt/ros/jazzy /usr/bin/cmake --install /home/kim/HYPER_WS/build/cpp_pkg1
[0.632s] Level 1:colcon.colcon_core.environment:create_environment_scripts_only(cpp_pkg1)
[0.633s] DEBUG:colcon.colcon_core.event_handler.log_command:Invoked command in '/home/kim/HYPER_WS/build/cpp_pkg1' returned '0': CMAKE_PREFIX_PATH=${CMAKE_PREFIX_PATH}:/opt/ros/jazzy /usr/bin/cmake --install /home/kim/HYPER_WS/build/cpp_pkg1
[0.635s] Level 1:colcon.colcon_core.environment:checking '/home/kim/HYPER_WS/install/cpp_pkg1' for CMake module files
[0.635s] Level 1:colcon.colcon_core.environment:checking '/home/kim/HYPER_WS/install/cpp_pkg1' for CMake config files
[0.636s] Level 1:colcon.colcon_core.shell:create_environment_hook('cpp_pkg1', 'cmake_prefix_path')
[0.636s] INFO:colcon.colcon_core.shell:Creating environment hook '/home/kim/HYPER_WS/install/cpp_pkg1/share/cpp_pkg1/hook/cmake_prefix_path.ps1'
[0.636s] INFO:colcon.colcon_core.shell:Creating environment descriptor '/home/kim/HYPER_WS/install/cpp_pkg1/share/cpp_pkg1/hook/cmake_prefix_path.dsv'
[0.637s] INFO:colcon.colcon_core.shell:Creating environment hook '/home/kim/HYPER_WS/install/cpp_pkg1/share/cpp_pkg1/hook/cmake_prefix_path.sh'
[0.638s] Level 1:colcon.colcon_core.environment:checking '/home/kim/HYPER_WS/install/cpp_pkg1/lib'
[0.638s] Level 1:colcon.colcon_core.environment:checking '/home/kim/HYPER_WS/install/cpp_pkg1/bin'
[0.638s] Level 1:colcon.colcon_core.environment:checking '/home/kim/HYPER_WS/install/cpp_pkg1/lib/pkgconfig/cpp_pkg1.pc'
[0.639s] Level 1:colcon.colcon_core.environment:checking '/home/kim/HYPER_WS/install/cpp_pkg1/lib/python3.12/site-packages'
[0.639s] Level 1:colcon.colcon_core.environment:checking '/home/kim/HYPER_WS/install/cpp_pkg1/bin'
[0.639s] INFO:colcon.colcon_core.shell:Creating package script '/home/kim/HYPER_WS/install/cpp_pkg1/share/cpp_pkg1/package.ps1'
[0.641s] INFO:colcon.colcon_core.shell:Creating package descriptor '/home/kim/HYPER_WS/install/cpp_pkg1/share/cpp_pkg1/package.dsv'
[0.641s] INFO:colcon.colcon_core.shell:Creating package script '/home/kim/HYPER_WS/install/cpp_pkg1/share/cpp_pkg1/package.sh'
[0.642s] INFO:colcon.colcon_core.shell:Creating package script '/home/kim/HYPER_WS/install/cpp_pkg1/share/cpp_pkg1/package.bash'
[0.643s] INFO:colcon.colcon_core.shell:Creating package script '/home/kim/HYPER_WS/install/cpp_pkg1/share/cpp_pkg1/package.zsh'
[0.644s] Level 1:colcon.colcon_core.environment:create_file_with_runtime_dependencies(/home/kim/HYPER_WS/install/cpp_pkg1/share/colcon-core/packages/cpp_pkg1)
[0.645s] Level 1:colcon.colcon_core.environment:create_environment_scripts_only(cpp_pkg1)
[0.645s] Level 1:colcon.colcon_core.environment:checking '/home/kim/HYPER_WS/install/cpp_pkg1' for CMake module files
[0.646s] Level 1:colcon.colcon_core.environment:checking '/home/kim/HYPER_WS/install/cpp_pkg1' for CMake config files
[0.647s] Level 1:colcon.colcon_core.shell:create_environment_hook('cpp_pkg1', 'cmake_prefix_path')
[0.647s] INFO:colcon.colcon_core.shell:Creating environment hook '/home/kim/HYPER_WS/install/cpp_pkg1/share/cpp_pkg1/hook/cmake_prefix_path.ps1'
[0.648s] INFO:colcon.colcon_core.shell:Creating environment descriptor '/home/kim/HYPER_WS/install/cpp_pkg1/share/cpp_pkg1/hook/cmake_prefix_path.dsv'
[0.648s] INFO:colcon.colcon_core.shell:Creating environment hook '/home/kim/HYPER_WS/install/cpp_pkg1/share/cpp_pkg1/hook/cmake_prefix_path.sh'
[0.649s] Level 1:colcon.colcon_core.environment:checking '/home/kim/HYPER_WS/install/cpp_pkg1/lib'
[0.649s] Level 1:colcon.colcon_core.environment:checking '/home/kim/HYPER_WS/install/cpp_pkg1/bin'
[0.649s] Level 1:colcon.colcon_core.environment:checking '/home/kim/HYPER_WS/install/cpp_pkg1/lib/pkgconfig/cpp_pkg1.pc'
[0.650s] Level 1:colcon.colcon_core.environment:checking '/home/kim/HYPER_WS/install/cpp_pkg1/lib/python3.12/site-packages'
[0.650s] Level 1:colcon.colcon_core.environment:checking '/home/kim/HYPER_WS/install/cpp_pkg1/bin'
[0.651s] INFO:colcon.colcon_core.shell:Creating package script '/home/kim/HYPER_WS/install/cpp_pkg1/share/cpp_pkg1/package.ps1'
[0.651s] INFO:colcon.colcon_core.shell:Creating package descriptor '/home/kim/HYPER_WS/install/cpp_pkg1/share/cpp_pkg1/package.dsv'
[0.652s] INFO:colcon.colcon_core.shell:Creating package script '/home/kim/HYPER_WS/install/cpp_pkg1/share/cpp_pkg1/package.sh'
[0.653s] INFO:colcon.colcon_core.shell:Creating package script '/home/kim/HYPER_WS/install/cpp_pkg1/share/cpp_pkg1/package.bash'
[0.654s] INFO:colcon.colcon_core.shell:Creating package script '/home/kim/HYPER_WS/install/cpp_pkg1/share/cpp_pkg1/package.zsh'
[0.654s] Level 1:colcon.colcon_core.environment:create_file_with_runtime_dependencies(/home/kim/HYPER_WS/install/cpp_pkg1/share/colcon-core/packages/cpp_pkg1)
[1.353s] DEBUG:colcon.colcon_core.event_handler.log_command:Invoking command in '/home/kim/HYPER_WS/src/pyhello': PYTHONPATH=/home/kim/HYPER_WS/build/pyhello/prefix_override:/usr/lib/python3/dist-packages/colcon_core/task/python/colcon_distutils_commands:/home/kim/HYPER_WS/install/pyhello/lib/python3.12/site-packages:${PYTHONPATH} /usr/bin/python3 -W ignore:setup.py install is deprecated -W ignore:easy_install command is deprecated setup.py egg_info --egg-base ../../build/pyhello build --build-base /home/kim/HYPER_WS/build/pyhello/build install --record /home/kim/HYPER_WS/build/pyhello/install.log --single-version-externally-managed install_data
[2.105s] Level 1:colcon.colcon_core.environment:checking '/home/kim/HYPER_WS/install/pyhello' for CMake module files
[2.106s] DEBUG:colcon.colcon_core.event_handler.log_command:Invoked command in '/home/kim/HYPER_WS/src/pyhello' returned '0': PYTHONPATH=/home/kim/HYPER_WS/build/pyhello/prefix_override:/usr/lib/python3/dist-packages/colcon_core/task/python/colcon_distutils_commands:/home/kim/HYPER_WS/install/pyhello/lib/python3.12/site-packages:${PYTHONPATH} /usr/bin/python3 -W ignore:setup.py install is deprecated -W ignore:easy_install command is deprecated setup.py egg_info --egg-base ../../build/pyhello build --build-base /home/kim/HYPER_WS/build/pyhello/build install --record /home/kim/HYPER_WS/build/pyhello/install.log --single-version-externally-managed install_data
[2.107s] Level 1:colcon.colcon_core.environment:checking '/home/kim/HYPER_WS/install/pyhello' for CMake config files
[2.107s] Level 1:colcon.colcon_core.environment:checking '/home/kim/HYPER_WS/install/pyhello/lib'
[2.107s] Level 1:colcon.colcon_core.environment:checking '/home/kim/HYPER_WS/install/pyhello/bin'
[2.107s] Level 1:colcon.colcon_core.environment:checking '/home/kim/HYPER_WS/install/pyhello/lib/pkgconfig/pyhello.pc'
[2.108s] Level 1:colcon.colcon_core.environment:checking '/home/kim/HYPER_WS/install/pyhello/lib/python3.12/site-packages'
[2.108s] Level 1:colcon.colcon_core.shell:create_environment_hook('pyhello', 'pythonpath')
[2.108s] INFO:colcon.colcon_core.shell:Creating environment hook '/home/kim/HYPER_WS/install/pyhello/share/pyhello/hook/pythonpath.ps1'
[2.108s] INFO:colcon.colcon_core.shell:Creating environment descriptor '/home/kim/HYPER_WS/install/pyhello/share/pyhello/hook/pythonpath.dsv'
[2.109s] INFO:colcon.colcon_core.shell:Creating environment hook '/home/kim/HYPER_WS/install/pyhello/share/pyhello/hook/pythonpath.sh'
[2.109s] Level 1:colcon.colcon_core.environment:checking '/home/kim/HYPER_WS/install/pyhello/bin'
[2.109s] Level 1:colcon.colcon_core.environment:create_environment_scripts_only(pyhello)
[2.110s] INFO:colcon.colcon_core.shell:Creating package script '/home/kim/HYPER_WS/install/pyhello/share/pyhello/package.ps1'
[2.110s] INFO:colcon.colcon_core.shell:Creating package descriptor '/home/kim/HYPER_WS/install/pyhello/share/pyhello/package.dsv'
[2.111s] INFO:colcon.colcon_core.shell:Creating package script '/home/kim/HYPER_WS/install/pyhello/share/pyhello/package.sh'
[2.111s] INFO:colcon.colcon_core.shell:Creating package script '/home/kim/HYPER_WS/install/pyhello/share/pyhello/package.bash'
[2.111s] INFO:colcon.colcon_core.shell:Creating package script '/home/kim/HYPER_WS/install/pyhello/share/pyhello/package.zsh'
[2.112s] Level 1:colcon.colcon_core.environment:create_file_with_runtime_dependencies(/home/kim/HYPER_WS/install/pyhello/share/colcon-core/packages/pyhello)
[8.990s] DEBUG:colcon.colcon_core.event_handler.log_command:Invoked command in '/home/kim/HYPER_WS/build/cpphello' returned '0': CMAKE_PREFIX_PATH=${CMAKE_PREFIX_PATH}:/opt/ros/jazzy /usr/bin/cmake --build /home/kim/HYPER_WS/build/cpphello -- -j8 -l8
[8.992s] DEBUG:colcon.colcon_core.event_handler.log_command:Invoking command in '/home/kim/HYPER_WS/build/cpphello': CMAKE_PREFIX_PATH=${CMAKE_PREFIX_PATH}:/opt/ros/jazzy /usr/bin/cmake --install /home/kim/HYPER_WS/build/cpphello
[9.011s] Level 1:colcon.colcon_core.environment:create_environment_scripts_only(cpphello)
[9.012s] Level 1:colcon.colcon_core.environment:checking '/home/kim/HYPER_WS/install/cpphello' for CMake module files
[9.012s] DEBUG:colcon.colcon_core.event_handler.log_command:Invoked command in '/home/kim/HYPER_WS/build/cpphello' returned '0': CMAKE_PREFIX_PATH=${CMAKE_PREFIX_PATH}:/opt/ros/jazzy /usr/bin/cmake --install /home/kim/HYPER_WS/build/cpphello
[9.013s] Level 1:colcon.colcon_core.environment:checking '/home/kim/HYPER_WS/install/cpphello' for CMake config files
[9.013s] Level 1:colcon.colcon_core.shell:create_environment_hook('cpphello', 'cmake_prefix_path')
[9.013s] INFO:colcon.colcon_core.shell:Creating environment hook '/home/kim/HYPER_WS/install/cpphello/share/cpphello/hook/cmake_prefix_path.ps1'
[9.014s] INFO:colcon.colcon_core.shell:Creating environment descriptor '/home/kim/HYPER_WS/install/cpphello/share/cpphello/hook/cmake_prefix_path.dsv'
[9.014s] INFO:colcon.colcon_core.shell:Creating environment hook '/home/kim/HYPER_WS/install/cpphello/share/cpphello/hook/cmake_prefix_path.sh'
[9.015s] Level 1:colcon.colcon_core.environment:checking '/home/kim/HYPER_WS/install/cpphello/lib'
[9.015s] Level 1:colcon.colcon_core.environment:checking '/home/kim/HYPER_WS/install/cpphello/bin'
[9.015s] Level 1:colcon.colcon_core.environment:checking '/home/kim/HYPER_WS/install/cpphello/lib/pkgconfig/cpphello.pc'
[9.015s] Level 1:colcon.colcon_core.environment:checking '/home/kim/HYPER_WS/install/cpphello/lib/python3.12/site-packages'
[9.015s] Level 1:colcon.colcon_core.environment:checking '/home/kim/HYPER_WS/install/cpphello/bin'
[9.016s] INFO:colcon.colcon_core.shell:Creating package script '/home/kim/HYPER_WS/install/cpphello/share/cpphello/package.ps1'
[9.016s] INFO:colcon.colcon_core.shell:Creating package descriptor '/home/kim/HYPER_WS/install/cpphello/share/cpphello/package.dsv'
[9.017s] INFO:colcon.colcon_core.shell:Creating package script '/home/kim/HYPER_WS/install/cpphello/share/cpphello/package.sh'
[9.017s] INFO:colcon.colcon_core.shell:Creating package script '/home/kim/HYPER_WS/install/cpphello/share/cpphello/package.bash'
[9.017s] INFO:colcon.colcon_core.shell:Creating package script '/home/kim/HYPER_WS/install/cpphello/share/cpphello/package.zsh'
[9.017s] Level 1:colcon.colcon_core.environment:create_file_with_runtime_dependencies(/home/kim/HYPER_WS/install/cpphello/share/colcon-core/packages/cpphello)
[9.018s] Level 1:colcon.colcon_core.environment:create_environment_scripts_only(cpphello)
[9.018s] Level 1:colcon.colcon_core.environment:checking '/home/kim/HYPER_WS/install/cpphello' for CMake module files
[9.018s] Level 1:colcon.colcon_core.environment:checking '/home/kim/HYPER_WS/install/cpphello' for CMake config files
[9.019s] Level 1:colcon.colcon_core.shell:create_environment_hook('cpphello', 'cmake_prefix_path')
[9.019s] INFO:colcon.colcon_core.shell:Creating environment hook '/home/kim/HYPER_WS/install/cpphello/share/cpphello/hook/cmake_prefix_path.ps1'
[9.019s] INFO:colcon.colcon_core.shell:Creating environment descriptor '/home/kim/HYPER_WS/install/cpphello/share/cpphello/hook/cmake_prefix_path.dsv'
[9.020s] INFO:colcon.colcon_core.shell:Creating environment hook '/home/kim/HYPER_WS/install/cpphello/share/cpphello/hook/cmake_prefix_path.sh'
[9.021s] Level 1:colcon.colcon_core.environment:checking '/home/kim/HYPER_WS/install/cpphello/lib'
[9.021s] Level 1:colcon.colcon_core.environment:checking '/home/kim/HYPER_WS/install/cpphello/bin'
[9.021s] Level 1:colcon.colcon_core.environment:checking '/home/kim/HYPER_WS/install/cpphello/lib/pkgconfig/cpphello.pc'
[9.021s] Level 1:colcon.colcon_core.environment:checking '/home/kim/HYPER_WS/install/cpphello/lib/python3.12/site-packages'
[9.022s] Level 1:colcon.colcon_core.environment:checking '/home/kim/HYPER_WS/install/cpphello/bin'
[9.022s] INFO:colcon.colcon_core.shell:Creating package script '/home/kim/HYPER_WS/install/cpphello/share/cpphello/package.ps1'
[9.022s] INFO:colcon.colcon_core.shell:Creating package descriptor '/home/kim/HYPER_WS/install/cpphello/share/cpphello/package.dsv'
[9.023s] INFO:colcon.colcon_core.shell:Creating package script '/home/kim/HYPER_WS/install/cpphello/share/cpphello/package.sh'
[9.024s] INFO:colcon.colcon_core.shell:Creating package script '/home/kim/HYPER_WS/install/cpphello/share/cpphello/package.bash'
[9.024s] INFO:colcon.colcon_core.shell:Creating package script '/home/kim/HYPER_WS/install/cpphello/share/cpphello/package.zsh'
[9.024s] Level 1:colcon.colcon_core.environment:create_file_with_runtime_dependencies(/home/kim/HYPER_WS/install/cpphello/share/colcon-core/packages/cpphello)
[9.025s] DEBUG:colcon.colcon_parallel_executor.executor.parallel:closing loop
[9.026s] DEBUG:colcon.colcon_parallel_executor.executor.parallel:loop closed
[9.026s] DEBUG:colcon.colcon_parallel_executor.executor.parallel:run_until_complete finished with '0'
[9.026s] DEBUG:colcon.colcon_core.event_reactor:joining thread
[9.059s] INFO:colcon.colcon_core.plugin_system:Skipping extension 'colcon_notification.desktop_notification.notify_send': Could not find 'notify-send'
[9.059s] INFO:colcon.colcon_core.plugin_system:Skipping extension 'colcon_notification.desktop_notification.terminal_notifier': Not used on non-Darwin systems
[9.059s] INFO:colcon.colcon_core.plugin_system:Skipping extension 'colcon_notification.desktop_notification.win32': Not used on non-Windows systems
[9.059s] INFO:colcon.colcon_notification.desktop_notification:Sending desktop notification using 'notify2'
[9.061s] DEBUG:colcon.colcon_notification.desktop_notification.notify2:Failed to initialize notify2: org.freedesktop.DBus.Error.ServiceUnknown: The name org.freedesktop.Notifications was not provided by any .service files
[9.061s] DEBUG:colcon.colcon_core.event_reactor:joined thread
[9.062s] INFO:colcon.colcon_core.shell:Creating prefix script '/home/kim/HYPER_WS/install/local_setup.ps1'
[9.063s] INFO:colcon.colcon_core.shell:Creating prefix util module '/home/kim/HYPER_WS/install/_local_setup_util_ps1.py'
[9.064s] INFO:colcon.colcon_core.shell:Creating prefix chain script '/home/kim/HYPER_WS/install/setup.ps1'
[9.065s] INFO:colcon.colcon_core.shell:Creating prefix script '/home/kim/HYPER_WS/install/local_setup.sh'
[9.065s] INFO:colcon.colcon_core.shell:Creating prefix util module '/home/kim/HYPER_WS/install/_local_setup_util_sh.py'
[9.066s] INFO:colcon.colcon_core.shell:Creating prefix chain script '/home/kim/HYPER_WS/install/setup.sh'
[9.067s] INFO:colcon.colcon_core.shell:Creating prefix script '/home/kim/HYPER_WS/install/local_setup.bash'
[9.068s] INFO:colcon.colcon_core.shell:Creating prefix chain script '/home/kim/HYPER_WS/install/setup.bash'
[9.068s] INFO:colcon.colcon_core.shell:Creating prefix script '/home/kim/HYPER_WS/install/local_setup.zsh'
[9.069s] INFO:colcon.colcon_core.shell:Creating prefix chain script '/home/kim/HYPER_WS/install/setup.zsh'
