[0.024s] Invoking command in '/home/kim/HYPER_WS/build/cpphello': CMAKE_PREFIX_PATH=${CMAKE_PREFIX_PATH}:/opt/ros/jazzy /usr/bin/cmake --build /home/kim/HYPER_WS/build/cpphello -- -j8 -l8
[0.096s] [ 50%] [32mBuilding CXX object CMakeFiles/cpp_receiver.dir/src/cpp_receiver.cpp.o[0m
[8.334s] [100%] [32m[1mLinking CXX executable cpp_receiver[0m
[8.695s] [100%] Built target cpp_receiver
[8.707s] Invoked command in '/home/kim/HYPER_WS/build/cpphello' returned '0': CMAKE_PREFIX_PATH=${CMAKE_PREFIX_PATH}:/opt/ros/jazzy /usr/bin/cmake --build /home/kim/HYPER_WS/build/cpphello -- -j8 -l8
[8.708s] Invoking command in '/home/kim/HYPER_WS/build/cpphello': CMAKE_PREFIX_PATH=${CMAKE_PREFIX_PATH}:/opt/ros/jazzy /usr/bin/cmake --install /home/kim/HYPER_WS/build/cpphello
[8.716s] -- Install configuration: ""
[8.717s] -- Installing: /home/kim/HYPER_WS/install/cpphello/lib/cpphello/cpp_receiver
[8.721s] -- Set non-toolchain portion of runtime path of "/home/kim/HYPER_WS/install/cpphello/lib/cpphello/cpp_receiver" to ""
[8.722s] -- Installing: /home/kim/HYPER_WS/install/cpphello/share/ament_index/resource_index/package_run_dependencies/cpphello
[8.723s] -- Installing: /home/kim/HYPER_WS/install/cpphello/share/ament_index/resource_index/parent_prefix_path/cpphello
[8.723s] -- Installing: /home/kim/HYPER_WS/install/cpphello/share/cpphello/environment/ament_prefix_path.sh
[8.723s] -- Installing: /home/kim/HYPER_WS/install/cpphello/share/cpphello/environment/ament_prefix_path.dsv
[8.724s] -- Installing: /home/kim/HYPER_WS/install/cpphello/share/cpphello/environment/path.sh
[8.724s] -- Installing: /home/kim/HYPER_WS/install/cpphello/share/cpphello/environment/path.dsv
[8.724s] -- Installing: /home/kim/HYPER_WS/install/cpphello/share/cpphello/local_setup.bash
[8.724s] -- Installing: /home/kim/HYPER_WS/install/cpphello/share/cpphello/local_setup.sh
[8.724s] -- Installing: /home/kim/HYPER_WS/install/cpphello/share/cpphello/local_setup.zsh
[8.724s] -- Installing: /home/kim/HYPER_WS/install/cpphello/share/cpphello/local_setup.dsv
[8.724s] -- Installing: /home/kim/HYPER_WS/install/cpphello/share/cpphello/package.dsv
[8.725s] -- Installing: /home/kim/HYPER_WS/install/cpphello/share/ament_index/resource_index/packages/cpphello
[8.725s] -- Installing: /home/kim/HYPER_WS/install/cpphello/share/cpphello/cmake/cpphelloConfig.cmake
[8.726s] -- Installing: /home/kim/HYPER_WS/install/cpphello/share/cpphello/cmake/cpphelloConfig-version.cmake
[8.726s] -- Installing: /home/kim/HYPER_WS/install/cpphello/share/cpphello/package.xml
[8.729s] Invoked command in '/home/kim/HYPER_WS/build/cpphello' returned '0': CMAKE_PREFIX_PATH=${CMAKE_PREFIX_PATH}:/opt/ros/jazzy /usr/bin/cmake --install /home/kim/HYPER_WS/build/cpphello
